21:32:25.978 INFO  [JavaFX Application Thread] com.example.demo.Main - All assets loaded.
21:32:27.806 INFO  [JavaFX Application Thread] c.e.d.controller.core.SaveController - Successfully loaded data from src\main\resources\Saves\slot_1.json
21:32:27.808 INFO  [JavaFX Application Thread] c.e.d.repository.SaveDataRepository - Loaded slot 1 successfully.
21:32:27.818 INFO  [JavaFX Application Thread] c.e.d.controller.core.SaveController - Successfully loaded data from src\main\resources\Saves\slot_2.json
21:32:27.818 INFO  [JavaFX Application Thread] c.e.d.repository.SaveDataRepository - Loaded slot 2 successfully.
21:32:27.852 INFO  [JavaFX Application Thread] c.e.d.controller.core.SaveController - Successfully loaded data from src\main\resources\Saves\slot_1.json
21:32:27.853 INFO  [JavaFX Application Thread] c.e.d.repository.SaveDataRepository - Loaded slot 1 successfully.
21:32:27.855 INFO  [JavaFX Application Thread] c.e.d.controller.core.SaveController - Successfully loaded data from src\main\resources\Saves\slot_2.json
21:32:27.855 INFO  [JavaFX Application Thread] c.e.d.repository.SaveDataRepository - Loaded slot 2 successfully.
21:32:28.515 INFO  [JavaFX Application Thread] c.e.d.c.view.SlotSelectionController - Loading game from slot 1
21:32:28.518 INFO  [JavaFX Application Thread] c.e.d.controller.core.SaveController - Successfully loaded data from src\main\resources\Saves\slot_1.json
21:32:28.518 INFO  [JavaFX Application Thread] c.e.d.repository.SaveDataRepository - Loaded slot 1 successfully.
21:32:29.623 INFO  [JavaFX Application Thread] c.e.d.c.view.SlotSelectionController - Loading game from slot 1
21:32:29.625 INFO  [JavaFX Application Thread] c.e.d.controller.core.SaveController - Successfully loaded data from src\main\resources\Saves\slot_1.json
21:32:29.625 INFO  [JavaFX Application Thread] c.e.d.repository.SaveDataRepository - Loaded slot 1 successfully.
21:32:30.618 INFO  [JavaFX Application Thread] c.e.d.c.view.SlotSelectionController - Back to menu
21:32:31.399 INFO  [JavaFX Application Thread] c.e.d.controller.core.SaveController - Successfully loaded data from src/main/resources/Saves/settings.json
21:33:07.469 INFO  [JavaFX Application Thread] com.example.demo.Main - All assets loaded.
21:33:08.735 INFO  [JavaFX Application Thread] c.e.d.controller.core.SaveController - Successfully loaded data from src\main\resources\Saves\slot_1.json
21:33:08.736 INFO  [JavaFX Application Thread] c.e.d.repository.SaveDataRepository - Loaded slot 1 successfully.
21:33:08.743 INFO  [JavaFX Application Thread] c.e.d.controller.core.SaveController - Successfully loaded data from src\main\resources\Saves\slot_2.json
21:33:08.744 INFO  [JavaFX Application Thread] c.e.d.repository.SaveDataRepository - Loaded slot 2 successfully.
21:33:08.770 INFO  [JavaFX Application Thread] c.e.d.controller.core.SaveController - Successfully loaded data from src\main\resources\Saves\slot_1.json
21:33:08.771 INFO  [JavaFX Application Thread] c.e.d.repository.SaveDataRepository - Loaded slot 1 successfully.
21:33:08.773 INFO  [JavaFX Application Thread] c.e.d.controller.core.SaveController - Successfully loaded data from src\main\resources\Saves\slot_2.json
21:33:08.774 INFO  [JavaFX Application Thread] c.e.d.repository.SaveDataRepository - Loaded slot 2 successfully.
21:33:08.941 INFO  [JavaFX Application Thread] c.e.d.c.view.SlotSelectionController - Back to menu
21:36:04.226 INFO  [JavaFX Application Thread] com.example.demo.Main - All assets loaded.
21:36:05.616 INFO  [JavaFX Application Thread] c.e.d.controller.core.SaveController - Successfully loaded data from src/main/resources/Saves/settings.json
21:41:40.694 INFO  [JavaFX Application Thread] com.example.demo.Main - All assets loaded.
21:41:42.118 INFO  [JavaFX Application Thread] c.e.d.controller.core.SaveController - Successfully loaded data from src/main/resources/Saves/settings.json
21:44:26.488 INFO  [JavaFX Application Thread] com.example.demo.Main - All assets loaded.
21:44:27.856 INFO  [JavaFX Application Thread] c.e.d.controller.core.SaveController - Successfully loaded data from src\main\resources\Saves\slot_1.json
21:44:27.858 INFO  [JavaFX Application Thread] c.e.d.repository.SaveDataRepository - Loaded slot 1 successfully.
21:44:27.865 INFO  [JavaFX Application Thread] c.e.d.controller.core.SaveController - Successfully loaded data from src\main\resources\Saves\slot_2.json
21:44:27.865 INFO  [JavaFX Application Thread] c.e.d.repository.SaveDataRepository - Loaded slot 2 successfully.
21:44:27.882 INFO  [JavaFX Application Thread] c.e.d.controller.core.SaveController - Successfully loaded data from src\main\resources\Saves\slot_1.json
21:44:27.883 INFO  [JavaFX Application Thread] c.e.d.repository.SaveDataRepository - Loaded slot 1 successfully.
21:44:27.885 INFO  [JavaFX Application Thread] c.e.d.controller.core.SaveController - Successfully loaded data from src\main\resources\Saves\slot_2.json
21:44:27.886 INFO  [JavaFX Application Thread] c.e.d.repository.SaveDataRepository - Loaded slot 2 successfully.
21:44:29.169 INFO  [JavaFX Application Thread] c.e.d.c.view.SlotSelectionController - Back to menu
21:44:30.008 INFO  [JavaFX Application Thread] c.e.d.controller.core.SaveController - Successfully loaded data from src/main/resources/Saves/settings.json
21:44:55.180 INFO  [JavaFX Application Thread] com.example.demo.Main - All assets loaded.
21:44:57.145 INFO  [JavaFX Application Thread] c.e.d.controller.core.SaveController - Successfully loaded data from src/main/resources/Saves/settings.json
21:45:51.440 INFO  [JavaFX Application Thread] com.example.demo.Main - All assets loaded.
21:45:53.027 INFO  [JavaFX Application Thread] c.e.d.controller.core.SaveController - Successfully loaded data from src/main/resources/Saves/settings.json
21:48:51.951 INFO  [JavaFX Application Thread] com.example.demo.Main - All assets loaded.
21:48:53.571 INFO  [JavaFX Application Thread] c.e.d.controller.core.SaveController - Successfully loaded data from src/main/resources/Saves/settings.json
21:49:26.753 INFO  [JavaFX Application Thread] com.example.demo.Main - All assets loaded.
21:49:28.557 INFO  [JavaFX Application Thread] c.e.d.controller.core.SaveController - Successfully loaded data from src/main/resources/Saves/settings.json
21:49:30.267 INFO  [JavaFX Application Thread] c.e.d.controller.core.SaveController - Successfully loaded data from src/main/resources/Saves/settings.json
21:49:35.523 INFO  [JavaFX Application Thread] c.e.d.controller.core.SaveController - Successfully loaded data from src/main/resources/Saves/settings.json
21:49:37.880 INFO  [JavaFX Application Thread] c.e.d.controller.core.SaveController - Successfully loaded data from src\main\resources\Saves\slot_1.json
21:49:37.880 INFO  [JavaFX Application Thread] c.e.d.repository.SaveDataRepository - Loaded slot 1 successfully.
21:49:37.885 INFO  [JavaFX Application Thread] c.e.d.controller.core.SaveController - Successfully loaded data from src\main\resources\Saves\slot_2.json
21:49:37.886 INFO  [JavaFX Application Thread] c.e.d.repository.SaveDataRepository - Loaded slot 2 successfully.
21:49:37.908 INFO  [JavaFX Application Thread] c.e.d.controller.core.SaveController - Successfully loaded data from src\main\resources\Saves\slot_1.json
21:49:37.908 INFO  [JavaFX Application Thread] c.e.d.repository.SaveDataRepository - Loaded slot 1 successfully.
21:49:37.911 INFO  [JavaFX Application Thread] c.e.d.controller.core.SaveController - Successfully loaded data from src\main\resources\Saves\slot_2.json
21:49:37.912 INFO  [JavaFX Application Thread] c.e.d.repository.SaveDataRepository - Loaded slot 2 successfully.
21:49:38.962 INFO  [JavaFX Application Thread] c.e.d.c.view.SlotSelectionController - Loading game from slot 1
21:49:38.965 INFO  [JavaFX Application Thread] c.e.d.controller.core.SaveController - Successfully loaded data from src\main\resources\Saves\slot_1.json
21:49:38.965 INFO  [JavaFX Application Thread] c.e.d.repository.SaveDataRepository - Loaded slot 1 successfully.
