17:28:01.118 INFO  [JavaFX Application Thread] c.e.d.controller.core.SaveController - Successfully loaded data from src/main/resources/Saves/settings.json
17:28:01.146 INFO  [JavaFX Application Thread] c.e.d.controller.core.SaveController - Successfully loaded data from src/main/resources/Saves/slot_1.json
17:28:01.147 INFO  [JavaFX Application Thread] c.e.d.repository.SaveDataRepository - Loaded slot 1 successfully.
17:28:01.154 INFO  [JavaFX Application Thread] c.e.d.controller.core.SaveController - Successfully loaded data from src/main/resources/Saves/slot_2.json
17:28:01.155 INFO  [JavaFX Application Thread] c.e.d.repository.SaveDataRepository - Loaded slot 2 successfully.
17:28:03.888 INFO  [JavaFX Application Thread] c.e.d.controller.core.SaveController - Successfully loaded data from src/main/resources/Saves/slot_1.json
17:28:03.888 INFO  [JavaFX Application Thread] c.e.d.repository.SaveDataRepository - Loaded slot 1 successfully.
17:28:03.890 INFO  [JavaFX Application Thread] c.e.d.controller.core.SaveController - Successfully loaded data from src/main/resources/Saves/slot_2.json
17:28:03.890 INFO  [JavaFX Application Thread] c.e.d.repository.SaveDataRepository - Loaded slot 2 successfully.
17:28:05.755 INFO  [JavaFX Application Thread] c.e.d.c.view.SlotSelectionController - Loading game from slot 1
17:28:05.757 INFO  [JavaFX Application Thread] c.e.d.controller.core.SaveController - Successfully loaded data from src/main/resources/Saves/slot_1.json
17:28:05.758 INFO  [JavaFX Application Thread] c.e.d.repository.SaveDataRepository - Loaded slot 1 successfully.
17:28:05.758 INFO  [JavaFX Application Thread] com.example.demo.Main - === LOADING GAME from slot 1 ===
17:28:05.994 INFO  [JavaFX Application Thread] c.e.d.controller.core.GameController - Is New Game: false
17:28:05.994 INFO  [JavaFX Application Thread] c.e.d.controller.core.GameController - Current Slot: 1
17:28:05.999 INFO  [JavaFX Application Thread] c.e.d.utils.dialogue.DialogueSystem - Loading script from:  /Dialogue/continue.txt
17:28:06.001 INFO  [JavaFX Application Thread] c.e.d.controller.core.SaveController - Loading from slot 1...
17:28:06.003 INFO  [JavaFX Application Thread] c.e.d.controller.core.SaveController - Successfully loaded data from src/main/resources/Saves/slot_1.json
17:28:06.003 INFO  [JavaFX Application Thread] c.e.d.repository.SaveDataRepository - Loaded slot 1 successfully.
17:28:06.003 INFO  [JavaFX Application Thread] c.e.d.controller.core.SaveController - Loaded successfully!
17:28:44.361 INFO  [JavaFX Application Thread] c.e.d.controller.core.SaveController - Successfully loaded data from src/main/resources/Saves/settings.json
17:28:44.402 INFO  [JavaFX Application Thread] c.e.d.controller.core.SaveController - Successfully loaded data from src/main/resources/Saves/slot_1.json
17:28:44.402 INFO  [JavaFX Application Thread] c.e.d.repository.SaveDataRepository - Loaded slot 1 successfully.
17:28:44.409 INFO  [JavaFX Application Thread] c.e.d.controller.core.SaveController - Successfully loaded data from src/main/resources/Saves/slot_2.json
17:28:44.409 INFO  [JavaFX Application Thread] c.e.d.repository.SaveDataRepository - Loaded slot 2 successfully.
17:28:46.640 INFO  [JavaFX Application Thread] c.e.d.controller.core.SaveController - Successfully loaded data from src/main/resources/Saves/slot_1.json
17:28:46.640 INFO  [JavaFX Application Thread] c.e.d.repository.SaveDataRepository - Loaded slot 1 successfully.
17:28:46.643 INFO  [JavaFX Application Thread] c.e.d.controller.core.SaveController - Successfully loaded data from src/main/resources/Saves/slot_2.json
17:28:46.643 INFO  [JavaFX Application Thread] c.e.d.repository.SaveDataRepository - Loaded slot 2 successfully.
17:28:47.943 INFO  [JavaFX Application Thread] c.e.d.c.view.SlotSelectionController - Deleting slot 1
17:28:47.946 INFO  [JavaFX Application Thread] c.e.d.repository.SaveDataRepository - [SaveDataRepository] Deleted slot 1
17:28:47.947 INFO  [JavaFX Application Thread] c.e.demo.model.menu.SaveSlotManager - Reloading slot 1...
17:28:47.947 INFO  [JavaFX Application Thread] c.e.d.c.view.SlotSelectionController - Slot 1 deleted
17:28:47.950 INFO  [JavaFX Application Thread] c.e.d.controller.core.SaveController - Successfully loaded data from src/main/resources/Saves/slot_2.json
17:28:47.950 INFO  [JavaFX Application Thread] c.e.d.repository.SaveDataRepository - Loaded slot 2 successfully.
17:28:49.717 INFO  [JavaFX Application Thread] c.e.d.c.view.SlotSelectionController - Deleting slot 2
17:28:49.726 INFO  [JavaFX Application Thread] c.e.d.repository.SaveDataRepository - [SaveDataRepository] Deleted slot 2
17:28:49.726 INFO  [JavaFX Application Thread] c.e.demo.model.menu.SaveSlotManager - Reloading slot 2...
17:28:49.726 INFO  [JavaFX Application Thread] c.e.d.c.view.SlotSelectionController - Slot 2 deleted
17:28:50.716 INFO  [JavaFX Application Thread] c.e.d.c.view.SlotSelectionController - Starting new game in slot 1
17:28:51.011 INFO  [JavaFX Application Thread] c.e.d.controller.core.GameController - Is New Game: true
17:28:51.011 INFO  [JavaFX Application Thread] c.e.d.controller.core.GameController - Current Slot: 1
17:28:51.020 INFO  [JavaFX Application Thread] c.e.d.utils.dialogue.DialogueSystem - Loading script from:  /Dialogue/intro.txt
17:28:52.136 INFO  [JavaFX Application Thread] c.example.demo.view.LoadTransition - Loaded level 2 with 182 bricks
17:28:52.137 INFO  [JavaFX Application Thread] c.e.d.controller.core.GameController - FPS: 59
17:28:53.151 INFO  [JavaFX Application Thread] c.e.d.controller.core.GameController - FPS: 61
17:28:54.151 INFO  [JavaFX Application Thread] c.e.d.controller.core.GameController - FPS: 60
17:28:55.168 INFO  [JavaFX Application Thread] c.e.d.controller.core.GameController - FPS: 61
17:28:56.184 INFO  [JavaFX Application Thread] c.e.d.controller.core.GameController - FPS: 61
17:28:57.184 INFO  [JavaFX Application Thread] c.e.d.controller.core.GameController - FPS: 60
17:28:58.060 INFO  [JavaFX Application Thread] c.e.d.controller.core.GameController - Game resumed
17:28:58.060 INFO  [JavaFX Application Thread] c.e.d.controller.core.GameController - Game resumed
17:28:58.201 INFO  [JavaFX Application Thread] c.e.d.controller.core.GameController - FPS: 61
17:28:58.789 INFO  [JavaFX Application Thread] c.e.d.controller.core.GameController - Game resumed
17:28:58.790 INFO  [JavaFX Application Thread] c.e.d.controller.core.GameController - Game resumed
17:28:59.202 INFO  [JavaFX Application Thread] c.e.d.controller.core.GameController - FPS: 60
17:28:59.421 INFO  [JavaFX Application Thread] c.e.d.controller.core.GameController - Game resumed
17:29:00.218 INFO  [JavaFX Application Thread] c.e.d.controller.core.GameController - FPS: 61
17:29:00.626 INFO  [JavaFX Application Thread] c.e.d.controller.core.GameController - Game resumed
17:29:00.626 INFO  [JavaFX Application Thread] c.e.d.controller.core.GameController - Game resumed
17:29:01.234 INFO  [JavaFX Application Thread] c.e.d.controller.core.GameController - FPS: 61
17:29:02.235 INFO  [JavaFX Application Thread] c.e.d.controller.core.GameController - FPS: 60
17:29:03.252 INFO  [JavaFX Application Thread] c.e.d.controller.core.GameController - FPS: 61
17:29:03.870 INFO  [JavaFX Application Thread] c.e.d.controller.core.GameController - Game resumed
17:29:03.870 INFO  [JavaFX Application Thread] c.e.d.controller.map.MapController - Next level: 2 -> 3
17:29:04.268 INFO  [JavaFX Application Thread] c.e.d.controller.core.GameController - FPS: 61
17:29:04.868 INFO  [JavaFX Application Thread] c.example.demo.view.LoadTransition - Loaded level 3 with 152 bricks
17:29:05.285 INFO  [JavaFX Application Thread] c.e.d.controller.core.GameController - FPS: 61
17:29:05.942 INFO  [JavaFX Application Thread] c.e.d.controller.core.GameController - Game resumed
17:29:05.943 INFO  [JavaFX Application Thread] c.e.d.controller.core.GameController - Game resumed
17:29:06.352 INFO  [JavaFX Application Thread] c.e.d.controller.core.GameController - FPS: 58
17:29:07.368 INFO  [JavaFX Application Thread] c.e.d.controller.core.GameController - FPS: 61
17:29:07.865 INFO  [JavaFX Application Thread] c.e.d.controller.core.GameController - Game resumed
17:29:07.865 INFO  [JavaFX Application Thread] c.e.d.controller.map.MapController - Next level: 3 -> 1
17:29:08.368 INFO  [JavaFX Application Thread] c.e.d.controller.core.GameController - FPS: 60
17:29:08.868 INFO  [JavaFX Application Thread] c.example.demo.view.LoadTransition - Loaded level 1 with 124 bricks
17:29:09.384 INFO  [JavaFX Application Thread] c.e.d.controller.core.GameController - FPS: 61
17:29:10.385 INFO  [JavaFX Application Thread] c.e.d.controller.core.GameController - FPS: 60
17:29:10.746 INFO  [JavaFX Application Thread] c.e.d.controller.core.GameController - Game resumed
17:29:10.746 INFO  [JavaFX Application Thread] c.e.d.controller.core.GameController - Game resumed
17:29:11.401 INFO  [JavaFX Application Thread] c.e.d.controller.core.GameController - FPS: 61
17:29:11.878 INFO  [JavaFX Application Thread] c.e.d.controller.core.GameController - Game resumed
17:29:11.878 INFO  [JavaFX Application Thread] c.e.d.controller.core.GameController - Game resumed
17:29:11.878 INFO  [JavaFX Application Thread] c.e.d.controller.core.GameController - Game resumed
17:29:11.920 INFO  [JavaFX Application Thread] c.e.d.controller.core.GameController - Game resumed
17:29:11.921 INFO  [JavaFX Application Thread] c.e.d.controller.core.GameController - Game resumed
17:29:11.921 INFO  [JavaFX Application Thread] c.e.d.controller.core.GameController - Game resumed
17:29:12.418 INFO  [JavaFX Application Thread] c.e.d.controller.core.GameController - FPS: 61
17:29:12.554 INFO  [JavaFX Application Thread] c.e.d.controller.core.GameController - Game resumed
17:29:13.418 INFO  [JavaFX Application Thread] c.e.d.controller.core.GameController - FPS: 60
17:29:13.569 INFO  [JavaFX Application Thread] com.example.demo.model.core.PowerUp - Type: BIGGERPADDLE
17:29:13.618 INFO  [JavaFX Application Thread] com.example.demo.model.core.PowerUp - Type: ACCELERATE
17:29:13.669 INFO  [JavaFX Application Thread] com.example.demo.model.core.PowerUp - Type: BIGGERPADDLE
17:29:13.719 INFO  [JavaFX Application Thread] com.example.demo.model.core.PowerUp - Type: BIGGERPADDLE
17:29:13.785 INFO  [JavaFX Application Thread] com.example.demo.model.core.PowerUp - Type: STRONGER
17:29:13.834 INFO  [JavaFX Application Thread] com.example.demo.model.core.PowerUp - Type: BIGGERPADDLE
17:29:13.885 INFO  [JavaFX Application Thread] com.example.demo.model.core.PowerUp - Type: STOPTIME
17:29:13.936 INFO  [JavaFX Application Thread] com.example.demo.model.core.PowerUp - Type: ACCELERATE
17:29:13.985 INFO  [JavaFX Application Thread] com.example.demo.model.core.PowerUp - Type: STRONGER
17:29:14.052 INFO  [JavaFX Application Thread] com.example.demo.model.core.PowerUp - Type: STOPTIME
17:29:14.101 INFO  [JavaFX Application Thread] com.example.demo.model.core.PowerUp - Type: BIGGERPADDLE
17:29:14.152 INFO  [JavaFX Application Thread] com.example.demo.model.core.PowerUp - Type: STOPTIME
17:29:14.201 INFO  [JavaFX Application Thread] com.example.demo.model.core.PowerUp - Type: ACCELERATE
17:29:14.268 INFO  [JavaFX Application Thread] com.example.demo.model.core.PowerUp - Type: ACCELERATE
17:29:14.319 INFO  [JavaFX Application Thread] com.example.demo.model.core.PowerUp - Type: ACCELERATE
17:29:14.368 INFO  [JavaFX Application Thread] com.example.demo.model.core.PowerUp - Type: STRONGER
17:29:14.418 INFO  [JavaFX Application Thread] com.example.demo.model.core.PowerUp - Type: STOPTIME
17:29:14.436 INFO  [JavaFX Application Thread] c.e.d.controller.core.GameController - FPS: 61
17:29:14.468 INFO  [JavaFX Application Thread] com.example.demo.model.core.PowerUp - Type: ACCELERATE
17:29:14.534 INFO  [JavaFX Application Thread] com.example.demo.model.core.PowerUp - Type: STOPTIME
17:29:15.063 INFO  [JavaFX Application Thread] c.e.d.controller.core.GameController - Game resumed
17:29:15.063 INFO  [JavaFX Application Thread] c.e.d.controller.core.GameController - Game resumed
17:29:15.451 INFO  [JavaFX Application Thread] c.e.d.controller.core.GameController - FPS: 61
17:29:16.349 INFO  [JavaFX Application Thread] c.e.d.controller.core.GameController - Game resumed
17:29:16.350 INFO  [JavaFX Application Thread] c.e.d.controller.core.GameController - Game resumed
17:29:16.467 INFO  [JavaFX Application Thread] c.e.d.controller.core.GameController - FPS: 61
17:29:17.467 INFO  [JavaFX Application Thread] c.e.d.controller.core.GameController - FPS: 60
17:29:17.999 INFO  [JavaFX Application Thread] c.e.d.controller.core.SaveController - Saving game to slot 1...
17:29:18.018 INFO  [JavaFX Application Thread] c.e.d.controller.core.SaveController - Successfully saved data to src/main/resources/Saves/slot_1.json
17:29:18.018 INFO  [JavaFX Application Thread] c.e.d.repository.SaveDataRepository - Saved slot 1
17:29:18.018 INFO  [JavaFX Application Thread] c.e.d.controller.core.SaveController - Save complete.
17:29:18.452 INFO  [JavaFX Application Thread] c.e.d.controller.core.SaveController - Successfully loaded data from src/main/resources/Saves/slot_1.json
17:29:18.452 INFO  [JavaFX Application Thread] c.e.d.repository.SaveDataRepository - Loaded slot 1 successfully.
17:29:18.468 INFO  [JavaFX Application Thread] c.e.d.controller.core.GameController - FPS: 58
17:29:19.024 INFO  [JavaFX Application Thread] c.e.d.c.view.SlotSelectionController - Loading game from slot 1
17:29:19.029 INFO  [JavaFX Application Thread] c.e.d.controller.core.SaveController - Successfully loaded data from src/main/resources/Saves/slot_1.json
17:29:19.030 INFO  [JavaFX Application Thread] c.e.d.repository.SaveDataRepository - Loaded slot 1 successfully.
17:29:19.030 INFO  [JavaFX Application Thread] com.example.demo.Main - === LOADING GAME from slot 1 ===
17:29:19.197 INFO  [JavaFX Application Thread] c.e.d.controller.core.GameController - Is New Game: false
17:29:19.197 INFO  [JavaFX Application Thread] c.e.d.controller.core.GameController - Current Slot: 1
17:29:19.198 INFO  [JavaFX Application Thread] c.e.d.utils.dialogue.DialogueSystem - Loading script from:  /Dialogue/continue.txt
17:29:19.200 INFO  [JavaFX Application Thread] c.e.d.controller.core.SaveController - Loading from slot 1...
17:29:19.202 INFO  [JavaFX Application Thread] c.e.d.controller.core.SaveController - Successfully loaded data from src/main/resources/Saves/slot_1.json
17:29:19.202 INFO  [JavaFX Application Thread] c.e.d.repository.SaveDataRepository - Loaded slot 1 successfully.
17:29:19.202 INFO  [JavaFX Application Thread] c.e.d.controller.core.SaveController - Loaded successfully!
17:29:19.209 INFO  [JavaFX Application Thread] com.example.demo.model.core.PowerUp - Type: ACCELERATE
17:29:19.210 INFO  [JavaFX Application Thread] com.example.demo.model.core.PowerUp - Type: ACCELERATE
17:29:19.210 INFO  [JavaFX Application Thread] com.example.demo.model.core.PowerUp - Type: ACCELERATE
17:29:19.210 INFO  [JavaFX Application Thread] com.example.demo.model.core.PowerUp - Type: ACCELERATE
17:29:19.210 INFO  [JavaFX Application Thread] com.example.demo.model.core.PowerUp - Type: ACCELERATE
17:29:19.210 INFO  [JavaFX Application Thread] com.example.demo.model.core.PowerUp - Type: ACCELERATE
17:29:19.210 INFO  [JavaFX Application Thread] com.example.demo.model.core.PowerUp - Type: ACCELERATE
17:29:19.210 INFO  [JavaFX Application Thread] com.example.demo.model.core.PowerUp - Type: ACCELERATE
17:29:19.210 INFO  [JavaFX Application Thread] com.example.demo.model.core.PowerUp - Type: ACCELERATE
17:29:19.210 INFO  [JavaFX Application Thread] com.example.demo.model.core.PowerUp - Type: ACCELERATE
17:29:19.210 INFO  [JavaFX Application Thread] com.example.demo.model.core.PowerUp - Type: ACCELERATE
17:29:19.210 INFO  [JavaFX Application Thread] com.example.demo.model.core.PowerUp - Type: ACCELERATE
17:29:19.211 INFO  [JavaFX Application Thread] com.example.demo.model.core.PowerUp - Type: ACCELERATE
17:29:19.211 INFO  [JavaFX Application Thread] com.example.demo.model.core.PowerUp - Type: ACCELERATE
17:29:19.211 INFO  [JavaFX Application Thread] com.example.demo.model.core.PowerUp - Type: ACCELERATE
17:29:19.211 INFO  [JavaFX Application Thread] com.example.demo.model.core.PowerUp - Type: ACCELERATE
17:29:19.211 INFO  [JavaFX Application Thread] com.example.demo.model.core.PowerUp - Type: ACCELERATE
17:29:19.211 INFO  [JavaFX Application Thread] com.example.demo.model.core.PowerUp - Type: ACCELERATE
17:29:19.211 INFO  [JavaFX Application Thread] com.example.demo.model.core.PowerUp - Type: ACCELERATE
17:29:19.215 INFO  [JavaFX Application Thread] com.example.demo.model.core.PowerUp - Type: ACCELERATE
17:29:19.215 INFO  [JavaFX Application Thread] com.example.demo.model.core.PowerUp - Type: ACCELERATE
17:29:19.216 INFO  [JavaFX Application Thread] com.example.demo.model.core.PowerUp - Type: ACCELERATE
17:29:19.216 INFO  [JavaFX Application Thread] com.example.demo.model.core.PowerUp - Type: ACCELERATE
17:29:19.216 INFO  [JavaFX Application Thread] com.example.demo.model.core.PowerUp - Type: ACCELERATE
17:29:19.216 INFO  [JavaFX Application Thread] com.example.demo.model.core.PowerUp - Type: ACCELERATE
17:29:19.216 INFO  [JavaFX Application Thread] com.example.demo.model.core.PowerUp - Type: ACCELERATE
17:29:19.216 INFO  [JavaFX Application Thread] com.example.demo.model.core.PowerUp - Type: ACCELERATE
17:29:19.216 INFO  [JavaFX Application Thread] com.example.demo.model.core.PowerUp - Type: ACCELERATE
17:29:19.216 INFO  [JavaFX Application Thread] com.example.demo.model.core.PowerUp - Type: ACCELERATE
17:29:19.216 INFO  [JavaFX Application Thread] com.example.demo.model.core.PowerUp - Type: ACCELERATE
17:29:19.216 INFO  [JavaFX Application Thread] com.example.demo.model.core.PowerUp - Type: ACCELERATE
17:29:19.216 INFO  [JavaFX Application Thread] com.example.demo.model.core.PowerUp - Type: ACCELERATE
17:29:19.216 INFO  [JavaFX Application Thread] com.example.demo.model.core.PowerUp - Type: ACCELERATE
17:29:19.217 INFO  [JavaFX Application Thread] com.example.demo.model.core.PowerUp - Type: ACCELERATE
17:29:19.217 INFO  [JavaFX Application Thread] com.example.demo.model.core.PowerUp - Type: ACCELERATE
17:29:19.217 INFO  [JavaFX Application Thread] com.example.demo.model.core.PowerUp - Type: ACCELERATE
17:29:19.217 INFO  [JavaFX Application Thread] com.example.demo.model.core.PowerUp - Type: ACCELERATE
17:29:19.217 INFO  [JavaFX Application Thread] com.example.demo.model.core.PowerUp - Type: ACCELERATE
17:29:19.635 INFO  [JavaFX Application Thread] c.e.d.controller.core.GameController - FPS: 59
17:29:20.635 INFO  [JavaFX Application Thread] c.e.d.controller.core.GameController - FPS: 60
17:29:21.251 INFO  [JavaFX Application Thread] com.example.demo.model.core.PowerUp - Type: STRONGER
17:29:21.251 INFO  [JavaFX Application Thread] com.example.demo.model.core.PowerUp - Type: BIGGERPADDLE
17:29:21.302 INFO  [JavaFX Application Thread] com.example.demo.model.core.PowerUp - Type: STRONGER
17:29:21.335 INFO  [JavaFX Application Thread] com.example.demo.model.core.PowerUp - Type: STRONGER
17:29:21.335 INFO  [JavaFX Application Thread] com.example.demo.model.core.PowerUp - Type: ACCELERATE
17:29:21.384 INFO  [JavaFX Application Thread] com.example.demo.model.core.PowerUp - Type: BIGGERPADDLE
17:29:21.401 INFO  [JavaFX Application Thread] com.example.demo.model.core.PowerUp - Type: STOPTIME
17:29:21.402 INFO  [JavaFX Application Thread] com.example.demo.model.core.PowerUp - Type: ACCELERATE
17:29:21.468 INFO  [JavaFX Application Thread] com.example.demo.model.core.PowerUp - Type: ACCELERATE
17:29:21.468 INFO  [JavaFX Application Thread] com.example.demo.model.core.PowerUp - Type: BIGGERPADDLE
17:29:21.469 INFO  [JavaFX Application Thread] com.example.demo.model.core.PowerUp - Type: BIGGERPADDLE
17:29:21.552 INFO  [JavaFX Application Thread] com.example.demo.model.core.PowerUp - Type: BIGGERPADDLE
17:29:21.552 INFO  [JavaFX Application Thread] com.example.demo.model.core.PowerUp - Type: STRONGER
17:29:21.589 INFO  [JavaFX Application Thread] c.e.d.controller.core.GameController - Game resumed
17:29:21.590 INFO  [JavaFX Application Thread] c.e.d.controller.core.GameController - Game resumed
17:29:21.651 INFO  [JavaFX Application Thread] c.e.d.controller.core.GameController - FPS: 61
17:29:22.124 INFO  [JavaFX Application Thread] c.e.d.controller.core.SaveController - Saving game to slot 1...
17:29:22.141 INFO  [JavaFX Application Thread] c.e.d.controller.core.SaveController - Successfully saved data to src/main/resources/Saves/slot_1.json
17:29:22.141 INFO  [JavaFX Application Thread] c.e.d.repository.SaveDataRepository - Saved slot 1
17:29:22.141 INFO  [JavaFX Application Thread] c.e.d.controller.core.SaveController - Save complete.
17:29:22.517 INFO  [JavaFX Application Thread] c.e.d.controller.core.SaveController - Successfully loaded data from src/main/resources/Saves/slot_1.json
17:29:22.517 INFO  [JavaFX Application Thread] c.e.d.repository.SaveDataRepository - Loaded slot 1 successfully.
17:29:22.651 INFO  [JavaFX Application Thread] c.e.d.controller.core.GameController - FPS: 59
17:29:23.668 INFO  [JavaFX Application Thread] c.e.d.controller.core.GameController - FPS: 61
17:29:24.631 INFO  [JavaFX Application Thread] c.e.d.c.view.SlotSelectionController - Starting new game in slot 2
17:29:24.777 INFO  [JavaFX Application Thread] c.e.d.controller.core.GameController - Is New Game: true
17:29:24.777 INFO  [JavaFX Application Thread] c.e.d.controller.core.GameController - Current Slot: 2
17:29:24.779 INFO  [JavaFX Application Thread] c.e.d.utils.dialogue.DialogueSystem - Loading script from:  /Dialogue/intro.txt
17:29:25.103 INFO  [JavaFX Application Thread] c.e.d.controller.core.GameController - FPS: 59
17:29:26.118 INFO  [JavaFX Application Thread] c.e.d.controller.core.GameController - FPS: 61
17:29:26.364 INFO  [JavaFX Application Thread] c.e.d.controller.core.GameController - Game resumed
17:29:26.364 INFO  [JavaFX Application Thread] c.e.d.controller.core.GameController - Game resumed
17:29:27.030 INFO  [JavaFX Application Thread] c.e.d.controller.core.SaveController - Saving game to slot 2...
17:29:27.034 INFO  [JavaFX Application Thread] c.e.d.controller.core.SaveController - Successfully saved data to src/main/resources/Saves/slot_2.json
17:29:27.034 INFO  [JavaFX Application Thread] c.e.d.repository.SaveDataRepository - Saved slot 2
17:29:27.035 INFO  [JavaFX Application Thread] c.e.d.controller.core.SaveController - Save complete.
17:29:27.184 INFO  [JavaFX Application Thread] c.e.d.controller.core.GameController - FPS: 59
17:29:28.185 INFO  [JavaFX Application Thread] c.e.d.controller.core.GameController - FPS: 60
17:29:28.332 INFO  [JavaFX Application Thread] c.e.d.controller.core.SaveController - Successfully loaded data from src/main/resources/Saves/slot_1.json
17:29:28.332 INFO  [JavaFX Application Thread] c.e.d.repository.SaveDataRepository - Loaded slot 1 successfully.
17:29:28.334 INFO  [JavaFX Application Thread] c.e.d.controller.core.SaveController - Successfully loaded data from src/main/resources/Saves/slot_2.json
17:29:28.334 INFO  [JavaFX Application Thread] c.e.d.repository.SaveDataRepository - Loaded slot 2 successfully.
17:29:29.202 INFO  [JavaFX Application Thread] c.e.d.controller.core.GameController - FPS: 61
17:29:30.218 INFO  [JavaFX Application Thread] c.e.d.controller.core.GameController - FPS: 61
17:29:31.284 INFO  [JavaFX Application Thread] c.e.d.controller.core.GameController - FPS: 59
17:29:32.035 INFO  [JavaFX Application Thread] c.e.d.c.view.SlotSelectionController - Loading game from slot 2
17:29:32.037 INFO  [JavaFX Application Thread] c.e.d.controller.core.SaveController - Successfully loaded data from src/main/resources/Saves/slot_2.json
17:29:32.038 INFO  [JavaFX Application Thread] c.e.d.repository.SaveDataRepository - Loaded slot 2 successfully.
17:29:32.038 INFO  [JavaFX Application Thread] com.example.demo.Main - === LOADING GAME from slot 2 ===
17:29:32.182 INFO  [JavaFX Application Thread] c.e.d.controller.core.GameController - Is New Game: false
17:29:32.183 INFO  [JavaFX Application Thread] c.e.d.controller.core.GameController - Current Slot: 2
17:29:32.183 INFO  [JavaFX Application Thread] c.e.d.utils.dialogue.DialogueSystem - Loading script from:  /Dialogue/continue.txt
17:29:32.185 INFO  [JavaFX Application Thread] c.e.d.controller.core.SaveController - Loading from slot 2...
17:29:32.187 INFO  [JavaFX Application Thread] c.e.d.controller.core.SaveController - Successfully loaded data from src/main/resources/Saves/slot_2.json
17:29:32.187 INFO  [JavaFX Application Thread] c.e.d.repository.SaveDataRepository - Loaded slot 2 successfully.
17:29:32.187 INFO  [JavaFX Application Thread] c.e.d.controller.core.SaveController - Loaded successfully!
17:29:32.451 INFO  [JavaFX Application Thread] c.e.d.controller.core.GameController - FPS: 59
17:29:33.453 INFO  [JavaFX Application Thread] c.e.d.controller.core.GameController - FPS: 60
17:29:34.055 INFO  [JavaFX Application Thread] c.e.d.controller.core.GameController - Game resumed
17:29:34.056 INFO  [JavaFX Application Thread] c.e.d.controller.core.GameController - Game resumed
17:29:34.469 INFO  [JavaFX Application Thread] c.e.d.controller.core.GameController - FPS: 61
17:29:35.055 INFO  [JavaFX Application Thread] c.e.d.controller.core.SaveController - Saving game to slot 2...
17:29:35.059 INFO  [JavaFX Application Thread] c.e.d.controller.core.SaveController - Successfully saved data to src/main/resources/Saves/slot_2.json
17:29:35.059 INFO  [JavaFX Application Thread] c.e.d.repository.SaveDataRepository - Saved slot 2
17:29:35.059 INFO  [JavaFX Application Thread] c.e.d.controller.core.SaveController - Save complete.
17:29:35.485 INFO  [JavaFX Application Thread] c.e.d.controller.core.GameController - FPS: 61
17:29:36.486 INFO  [JavaFX Application Thread] c.e.d.controller.core.GameController - FPS: 60
17:29:37.488 INFO  [JavaFX Application Thread] c.e.d.controller.core.GameController - FPS: 60
21:55:28.062 INFO  [JavaFX Application Thread] c.e.d.controller.core.SaveController - Successfully loaded data from src/main/resources/Saves/settings.json
21:55:30.922 INFO  [JavaFX Application Thread] c.e.d.c.view.SlotSelectionController - Starting new game in slot 1
21:55:31.162 INFO  [JavaFX Application Thread] c.e.d.controller.core.GameController - Is New Game: true
21:55:31.162 INFO  [JavaFX Application Thread] c.e.d.controller.core.GameController - Current Slot: 1
21:55:31.178 INFO  [JavaFX Application Thread] c.e.d.utils.dialogue.DialogueSystem - Loading script from:  /Dialogue/intro.txt
21:55:32.339 INFO  [JavaFX Application Thread] c.example.demo.view.LoadTransition - Loaded level 2 with 182 bricks
21:55:32.341 INFO  [JavaFX Application Thread] c.e.d.controller.core.GameController - FPS: 87
21:55:33.344 INFO  [JavaFX Application Thread] c.e.d.controller.core.GameController - FPS: 101
21:55:34.356 INFO  [JavaFX Application Thread] c.e.d.controller.core.GameController - FPS: 95
21:55:35.359 INFO  [JavaFX Application Thread] c.e.d.controller.core.GameController - FPS: 86
21:55:38.587 INFO  [JavaFX Application Thread] c.e.d.controller.core.SaveController - Successfully loaded data from src/main/resources/Saves/settings.json
22:24:03.599 INFO  [JavaFX Application Thread] c.e.d.controller.core.SaveController - Successfully loaded data from src/main/resources/Saves/settings.json
22:24:06.972 INFO  [JavaFX Application Thread] c.e.demo.model.menu.SettingsModel - Saving settings...
22:24:06.977 INFO  [JavaFX Application Thread] c.e.d.controller.core.SaveController - Successfully saved data to src/main/resources/Saves/settings.json
22:24:06.979 INFO  [JavaFX Application Thread] c.e.demo.model.menu.SettingsModel - Saving settings...
22:24:06.980 INFO  [JavaFX Application Thread] c.e.d.controller.core.SaveController - Successfully saved data to src/main/resources/Saves/settings.json
22:24:06.982 INFO  [JavaFX Application Thread] c.e.demo.model.menu.SettingsModel - Saving settings...
22:24:06.983 INFO  [JavaFX Application Thread] c.e.d.controller.core.SaveController - Successfully saved data to src/main/resources/Saves/settings.json
22:24:06.987 INFO  [JavaFX Application Thread] c.e.demo.model.menu.SettingsModel - Saving settings...
22:24:06.988 INFO  [JavaFX Application Thread] c.e.d.controller.core.SaveController - Successfully saved data to src/main/resources/Saves/settings.json
22:24:06.990 INFO  [JavaFX Application Thread] c.e.demo.model.menu.SettingsModel - Saving settings...
22:24:06.991 INFO  [JavaFX Application Thread] c.e.d.controller.core.SaveController - Successfully saved data to src/main/resources/Saves/settings.json
22:24:06.995 INFO  [JavaFX Application Thread] c.e.demo.model.menu.SettingsModel - Saving settings...
22:24:06.996 INFO  [JavaFX Application Thread] c.e.d.controller.core.SaveController - Successfully saved data to src/main/resources/Saves/settings.json
22:24:07.002 INFO  [JavaFX Application Thread] c.e.demo.model.menu.SettingsModel - Saving settings...
22:24:07.002 INFO  [JavaFX Application Thread] c.e.d.controller.core.SaveController - Successfully saved data to src/main/resources/Saves/settings.json
22:24:07.014 INFO  [JavaFX Application Thread] c.e.demo.model.menu.SettingsModel - Saving settings...
22:24:07.014 INFO  [JavaFX Application Thread] c.e.d.controller.core.SaveController - Successfully saved data to src/main/resources/Saves/settings.json
22:24:07.019 INFO  [JavaFX Application Thread] c.e.demo.model.menu.SettingsModel - Saving settings...
22:24:07.020 INFO  [JavaFX Application Thread] c.e.d.controller.core.SaveController - Successfully saved data to src/main/resources/Saves/settings.json
22:24:07.024 INFO  [JavaFX Application Thread] c.e.demo.model.menu.SettingsModel - Saving settings...
22:24:07.027 INFO  [JavaFX Application Thread] c.e.d.controller.core.SaveController - Successfully saved data to src/main/resources/Saves/settings.json
22:24:07.032 INFO  [JavaFX Application Thread] c.e.demo.model.menu.SettingsModel - Saving settings...
22:24:07.033 INFO  [JavaFX Application Thread] c.e.d.controller.core.SaveController - Successfully saved data to src/main/resources/Saves/settings.json
22:24:07.035 INFO  [JavaFX Application Thread] c.e.demo.model.menu.SettingsModel - Saving settings...
22:24:07.036 INFO  [JavaFX Application Thread] c.e.d.controller.core.SaveController - Successfully saved data to src/main/resources/Saves/settings.json
22:24:07.039 INFO  [JavaFX Application Thread] c.e.demo.model.menu.SettingsModel - Saving settings...
22:24:07.040 INFO  [JavaFX Application Thread] c.e.d.controller.core.SaveController - Successfully saved data to src/main/resources/Saves/settings.json
22:24:07.044 INFO  [JavaFX Application Thread] c.e.demo.model.menu.SettingsModel - Saving settings...
22:24:07.045 INFO  [JavaFX Application Thread] c.e.d.controller.core.SaveController - Successfully saved data to src/main/resources/Saves/settings.json
22:24:07.046 INFO  [JavaFX Application Thread] c.e.demo.model.menu.SettingsModel - Saving settings...
22:24:07.048 INFO  [JavaFX Application Thread] c.e.d.controller.core.SaveController - Successfully saved data to src/main/resources/Saves/settings.json
22:24:07.050 INFO  [JavaFX Application Thread] c.e.demo.model.menu.SettingsModel - Saving settings...
22:24:07.051 INFO  [JavaFX Application Thread] c.e.d.controller.core.SaveController - Successfully saved data to src/main/resources/Saves/settings.json
22:24:07.052 INFO  [JavaFX Application Thread] c.e.demo.model.menu.SettingsModel - Saving settings...
22:24:07.053 INFO  [JavaFX Application Thread] c.e.d.controller.core.SaveController - Successfully saved data to src/main/resources/Saves/settings.json
22:24:07.054 INFO  [JavaFX Application Thread] c.e.demo.model.menu.SettingsModel - Saving settings...
22:24:07.054 INFO  [JavaFX Application Thread] c.e.d.controller.core.SaveController - Successfully saved data to src/main/resources/Saves/settings.json
22:24:07.056 INFO  [JavaFX Application Thread] c.e.demo.model.menu.SettingsModel - Saving settings...
22:24:07.059 INFO  [JavaFX Application Thread] c.e.d.controller.core.SaveController - Successfully saved data to src/main/resources/Saves/settings.json
22:24:07.064 INFO  [JavaFX Application Thread] c.e.demo.model.menu.SettingsModel - Saving settings...
22:24:07.065 INFO  [JavaFX Application Thread] c.e.d.controller.core.SaveController - Successfully saved data to src/main/resources/Saves/settings.json
22:24:07.068 INFO  [JavaFX Application Thread] c.e.demo.model.menu.SettingsModel - Saving settings...
22:24:07.069 INFO  [JavaFX Application Thread] c.e.d.controller.core.SaveController - Successfully saved data to src/main/resources/Saves/settings.json
22:24:07.073 INFO  [JavaFX Application Thread] c.e.demo.model.menu.SettingsModel - Saving settings...
22:24:07.074 INFO  [JavaFX Application Thread] c.e.d.controller.core.SaveController - Successfully saved data to src/main/resources/Saves/settings.json
22:24:07.075 INFO  [JavaFX Application Thread] c.e.demo.model.menu.SettingsModel - Saving settings...
22:24:07.076 INFO  [JavaFX Application Thread] c.e.d.controller.core.SaveController - Successfully saved data to src/main/resources/Saves/settings.json
22:24:07.079 INFO  [JavaFX Application Thread] c.e.demo.model.menu.SettingsModel - Saving settings...
22:24:07.080 INFO  [JavaFX Application Thread] c.e.d.controller.core.SaveController - Successfully saved data to src/main/resources/Saves/settings.json
22:24:07.083 INFO  [JavaFX Application Thread] c.e.demo.model.menu.SettingsModel - Saving settings...
22:24:07.085 INFO  [JavaFX Application Thread] c.e.d.controller.core.SaveController - Successfully saved data to src/main/resources/Saves/settings.json
22:24:07.086 INFO  [JavaFX Application Thread] c.e.demo.model.menu.SettingsModel - Saving settings...
22:24:07.087 INFO  [JavaFX Application Thread] c.e.d.controller.core.SaveController - Successfully saved data to src/main/resources/Saves/settings.json
22:24:07.090 INFO  [JavaFX Application Thread] c.e.demo.model.menu.SettingsModel - Saving settings...
22:24:07.091 INFO  [JavaFX Application Thread] c.e.d.controller.core.SaveController - Successfully saved data to src/main/resources/Saves/settings.json
22:24:07.091 INFO  [JavaFX Application Thread] c.e.demo.model.menu.SettingsModel - Saving settings...
22:24:07.092 INFO  [JavaFX Application Thread] c.e.d.controller.core.SaveController - Successfully saved data to src/main/resources/Saves/settings.json
22:24:07.096 INFO  [JavaFX Application Thread] c.e.demo.model.menu.SettingsModel - Saving settings...
22:24:07.097 INFO  [JavaFX Application Thread] c.e.d.controller.core.SaveController - Successfully saved data to src/main/resources/Saves/settings.json
22:24:07.099 INFO  [JavaFX Application Thread] c.e.demo.model.menu.SettingsModel - Saving settings...
22:24:07.099 INFO  [JavaFX Application Thread] c.e.d.controller.core.SaveController - Successfully saved data to src/main/resources/Saves/settings.json
22:24:07.101 INFO  [JavaFX Application Thread] c.e.demo.model.menu.SettingsModel - Saving settings...
22:24:07.102 INFO  [JavaFX Application Thread] c.e.d.controller.core.SaveController - Successfully saved data to src/main/resources/Saves/settings.json
22:24:07.105 INFO  [JavaFX Application Thread] c.e.demo.model.menu.SettingsModel - Saving settings...
22:24:07.106 INFO  [JavaFX Application Thread] c.e.d.controller.core.SaveController - Successfully saved data to src/main/resources/Saves/settings.json
22:24:07.111 INFO  [JavaFX Application Thread] c.e.demo.model.menu.SettingsModel - Saving settings...
22:24:07.111 INFO  [JavaFX Application Thread] c.e.d.controller.core.SaveController - Successfully saved data to src/main/resources/Saves/settings.json
22:24:07.115 INFO  [JavaFX Application Thread] c.e.demo.model.menu.SettingsModel - Saving settings...
22:24:07.115 INFO  [JavaFX Application Thread] c.e.d.controller.core.SaveController - Successfully saved data to src/main/resources/Saves/settings.json
22:24:07.125 INFO  [JavaFX Application Thread] c.e.demo.model.menu.SettingsModel - Saving settings...
22:24:07.125 INFO  [JavaFX Application Thread] c.e.d.controller.core.SaveController - Successfully saved data to src/main/resources/Saves/settings.json
22:24:07.299 INFO  [JavaFX Application Thread] c.e.demo.model.menu.SettingsModel - Saving settings...
22:24:07.300 INFO  [JavaFX Application Thread] c.e.d.controller.core.SaveController - Successfully saved data to src/main/resources/Saves/settings.json
22:24:07.303 INFO  [JavaFX Application Thread] c.e.demo.model.menu.SettingsModel - Saving settings...
22:24:07.304 INFO  [JavaFX Application Thread] c.e.d.controller.core.SaveController - Successfully saved data to src/main/resources/Saves/settings.json
22:24:07.305 INFO  [JavaFX Application Thread] c.e.demo.model.menu.SettingsModel - Saving settings...
22:24:07.306 INFO  [JavaFX Application Thread] c.e.d.controller.core.SaveController - Successfully saved data to src/main/resources/Saves/settings.json
22:24:07.308 INFO  [JavaFX Application Thread] c.e.demo.model.menu.SettingsModel - Saving settings...
22:24:07.309 INFO  [JavaFX Application Thread] c.e.d.controller.core.SaveController - Successfully saved data to src/main/resources/Saves/settings.json
22:24:07.311 INFO  [JavaFX Application Thread] c.e.demo.model.menu.SettingsModel - Saving settings...
22:24:07.312 INFO  [JavaFX Application Thread] c.e.d.controller.core.SaveController - Successfully saved data to src/main/resources/Saves/settings.json
22:24:07.315 INFO  [JavaFX Application Thread] c.e.demo.model.menu.SettingsModel - Saving settings...
22:24:07.315 INFO  [JavaFX Application Thread] c.e.d.controller.core.SaveController - Successfully saved data to src/main/resources/Saves/settings.json
22:24:07.318 INFO  [JavaFX Application Thread] c.e.demo.model.menu.SettingsModel - Saving settings...
22:24:07.319 INFO  [JavaFX Application Thread] c.e.d.controller.core.SaveController - Successfully saved data to src/main/resources/Saves/settings.json
22:24:07.322 INFO  [JavaFX Application Thread] c.e.demo.model.menu.SettingsModel - Saving settings...
22:24:07.322 INFO  [JavaFX Application Thread] c.e.d.controller.core.SaveController - Successfully saved data to src/main/resources/Saves/settings.json
22:24:07.324 INFO  [JavaFX Application Thread] c.e.demo.model.menu.SettingsModel - Saving settings...
22:24:07.325 INFO  [JavaFX Application Thread] c.e.d.controller.core.SaveController - Successfully saved data to src/main/resources/Saves/settings.json
22:24:07.328 INFO  [JavaFX Application Thread] c.e.demo.model.menu.SettingsModel - Saving settings...
22:24:07.329 INFO  [JavaFX Application Thread] c.e.d.controller.core.SaveController - Successfully saved data to src/main/resources/Saves/settings.json
22:24:07.333 INFO  [JavaFX Application Thread] c.e.demo.model.menu.SettingsModel - Saving settings...
22:24:07.334 INFO  [JavaFX Application Thread] c.e.d.controller.core.SaveController - Successfully saved data to src/main/resources/Saves/settings.json
22:24:07.335 INFO  [JavaFX Application Thread] c.e.demo.model.menu.SettingsModel - Saving settings...
22:24:07.335 INFO  [JavaFX Application Thread] c.e.d.controller.core.SaveController - Successfully saved data to src/main/resources/Saves/settings.json
22:24:07.337 INFO  [JavaFX Application Thread] c.e.demo.model.menu.SettingsModel - Saving settings...
22:24:07.338 INFO  [JavaFX Application Thread] c.e.d.controller.core.SaveController - Successfully saved data to src/main/resources/Saves/settings.json
22:24:07.339 INFO  [JavaFX Application Thread] c.e.demo.model.menu.SettingsModel - Saving settings...
22:24:07.340 INFO  [JavaFX Application Thread] c.e.d.controller.core.SaveController - Successfully saved data to src/main/resources/Saves/settings.json
22:24:07.341 INFO  [JavaFX Application Thread] c.e.demo.model.menu.SettingsModel - Saving settings...
22:24:07.343 INFO  [JavaFX Application Thread] c.e.d.controller.core.SaveController - Successfully saved data to src/main/resources/Saves/settings.json
22:24:07.344 INFO  [JavaFX Application Thread] c.e.demo.model.menu.SettingsModel - Saving settings...
22:24:07.345 INFO  [JavaFX Application Thread] c.e.d.controller.core.SaveController - Successfully saved data to src/main/resources/Saves/settings.json
22:24:07.348 INFO  [JavaFX Application Thread] c.e.demo.model.menu.SettingsModel - Saving settings...
22:24:07.349 INFO  [JavaFX Application Thread] c.e.d.controller.core.SaveController - Successfully saved data to src/main/resources/Saves/settings.json
22:24:07.350 INFO  [JavaFX Application Thread] c.e.demo.model.menu.SettingsModel - Saving settings...
22:24:07.350 INFO  [JavaFX Application Thread] c.e.d.controller.core.SaveController - Successfully saved data to src/main/resources/Saves/settings.json
22:24:07.351 INFO  [JavaFX Application Thread] c.e.demo.model.menu.SettingsModel - Saving settings...
22:24:07.352 INFO  [JavaFX Application Thread] c.e.d.controller.core.SaveController - Successfully saved data to src/main/resources/Saves/settings.json
22:24:07.353 INFO  [JavaFX Application Thread] c.e.demo.model.menu.SettingsModel - Saving settings...
22:24:07.354 INFO  [JavaFX Application Thread] c.e.d.controller.core.SaveController - Successfully saved data to src/main/resources/Saves/settings.json
22:24:07.355 INFO  [JavaFX Application Thread] c.e.demo.model.menu.SettingsModel - Saving settings...
22:24:07.356 INFO  [JavaFX Application Thread] c.e.d.controller.core.SaveController - Successfully saved data to src/main/resources/Saves/settings.json
22:24:07.356 INFO  [JavaFX Application Thread] c.e.demo.model.menu.SettingsModel - Saving settings...
22:24:07.358 INFO  [JavaFX Application Thread] c.e.d.controller.core.SaveController - Successfully saved data to src/main/resources/Saves/settings.json
22:24:07.359 INFO  [JavaFX Application Thread] c.e.demo.model.menu.SettingsModel - Saving settings...
22:24:07.359 INFO  [JavaFX Application Thread] c.e.d.controller.core.SaveController - Successfully saved data to src/main/resources/Saves/settings.json
22:24:07.360 INFO  [JavaFX Application Thread] c.e.demo.model.menu.SettingsModel - Saving settings...
22:24:07.361 INFO  [JavaFX Application Thread] c.e.d.controller.core.SaveController - Successfully saved data to src/main/resources/Saves/settings.json
22:24:07.362 INFO  [JavaFX Application Thread] c.e.demo.model.menu.SettingsModel - Saving settings...
22:24:07.363 INFO  [JavaFX Application Thread] c.e.d.controller.core.SaveController - Successfully saved data to src/main/resources/Saves/settings.json
22:24:07.364 INFO  [JavaFX Application Thread] c.e.demo.model.menu.SettingsModel - Saving settings...
22:24:07.365 INFO  [JavaFX Application Thread] c.e.d.controller.core.SaveController - Successfully saved data to src/main/resources/Saves/settings.json
22:24:07.365 INFO  [JavaFX Application Thread] c.e.demo.model.menu.SettingsModel - Saving settings...
22:24:07.366 INFO  [JavaFX Application Thread] c.e.d.controller.core.SaveController - Successfully saved data to src/main/resources/Saves/settings.json
22:24:07.366 INFO  [JavaFX Application Thread] c.e.demo.model.menu.SettingsModel - Saving settings...
22:24:07.368 INFO  [JavaFX Application Thread] c.e.d.controller.core.SaveController - Successfully saved data to src/main/resources/Saves/settings.json
22:24:07.369 INFO  [JavaFX Application Thread] c.e.demo.model.menu.SettingsModel - Saving settings...
22:24:07.370 INFO  [JavaFX Application Thread] c.e.d.controller.core.SaveController - Successfully saved data to src/main/resources/Saves/settings.json
22:24:07.371 INFO  [JavaFX Application Thread] c.e.demo.model.menu.SettingsModel - Saving settings...
22:24:07.371 INFO  [JavaFX Application Thread] c.e.d.controller.core.SaveController - Successfully saved data to src/main/resources/Saves/settings.json
22:24:07.372 INFO  [JavaFX Application Thread] c.e.demo.model.menu.SettingsModel - Saving settings...
22:24:07.372 INFO  [JavaFX Application Thread] c.e.d.controller.core.SaveController - Successfully saved data to src/main/resources/Saves/settings.json
22:24:07.373 INFO  [JavaFX Application Thread] c.e.demo.model.menu.SettingsModel - Saving settings...
22:24:07.374 INFO  [JavaFX Application Thread] c.e.d.controller.core.SaveController - Successfully saved data to src/main/resources/Saves/settings.json
22:24:07.375 INFO  [JavaFX Application Thread] c.e.demo.model.menu.SettingsModel - Saving settings...
22:24:07.375 INFO  [JavaFX Application Thread] c.e.d.controller.core.SaveController - Successfully saved data to src/main/resources/Saves/settings.json
22:24:07.376 INFO  [JavaFX Application Thread] c.e.demo.model.menu.SettingsModel - Saving settings...
22:24:07.377 INFO  [JavaFX Application Thread] c.e.d.controller.core.SaveController - Successfully saved data to src/main/resources/Saves/settings.json
22:24:07.378 INFO  [JavaFX Application Thread] c.e.demo.model.menu.SettingsModel - Saving settings...
22:24:07.378 INFO  [JavaFX Application Thread] c.e.d.controller.core.SaveController - Successfully saved data to src/main/resources/Saves/settings.json
22:24:07.381 INFO  [JavaFX Application Thread] c.e.demo.model.menu.SettingsModel - Saving settings...
22:24:07.382 INFO  [JavaFX Application Thread] c.e.d.controller.core.SaveController - Successfully saved data to src/main/resources/Saves/settings.json
22:24:07.383 INFO  [JavaFX Application Thread] c.e.demo.model.menu.SettingsModel - Saving settings...
22:24:07.383 INFO  [JavaFX Application Thread] c.e.d.controller.core.SaveController - Successfully saved data to src/main/resources/Saves/settings.json
22:24:07.384 INFO  [JavaFX Application Thread] c.e.demo.model.menu.SettingsModel - Saving settings...
22:24:07.384 INFO  [JavaFX Application Thread] c.e.d.controller.core.SaveController - Successfully saved data to src/main/resources/Saves/settings.json
22:24:07.385 INFO  [JavaFX Application Thread] c.e.demo.model.menu.SettingsModel - Saving settings...
22:24:07.385 INFO  [JavaFX Application Thread] c.e.d.controller.core.SaveController - Successfully saved data to src/main/resources/Saves/settings.json
22:24:07.386 INFO  [JavaFX Application Thread] c.e.demo.model.menu.SettingsModel - Saving settings...
22:24:07.386 INFO  [JavaFX Application Thread] c.e.d.controller.core.SaveController - Successfully saved data to src/main/resources/Saves/settings.json
22:24:07.388 INFO  [JavaFX Application Thread] c.e.demo.model.menu.SettingsModel - Saving settings...
22:24:07.389 INFO  [JavaFX Application Thread] c.e.d.controller.core.SaveController - Successfully saved data to src/main/resources/Saves/settings.json
22:24:07.390 INFO  [JavaFX Application Thread] c.e.demo.model.menu.SettingsModel - Saving settings...
22:24:07.390 INFO  [JavaFX Application Thread] c.e.d.controller.core.SaveController - Successfully saved data to src/main/resources/Saves/settings.json
22:24:07.391 INFO  [JavaFX Application Thread] c.e.demo.model.menu.SettingsModel - Saving settings...
22:24:07.391 INFO  [JavaFX Application Thread] c.e.d.controller.core.SaveController - Successfully saved data to src/main/resources/Saves/settings.json
22:24:07.392 INFO  [JavaFX Application Thread] c.e.demo.model.menu.SettingsModel - Saving settings...
22:24:07.392 INFO  [JavaFX Application Thread] c.e.d.controller.core.SaveController - Successfully saved data to src/main/resources/Saves/settings.json
22:24:07.393 INFO  [JavaFX Application Thread] c.e.demo.model.menu.SettingsModel - Saving settings...
22:24:07.393 INFO  [JavaFX Application Thread] c.e.d.controller.core.SaveController - Successfully saved data to src/main/resources/Saves/settings.json
22:24:07.394 INFO  [JavaFX Application Thread] c.e.demo.model.menu.SettingsModel - Saving settings...
22:24:07.394 INFO  [JavaFX Application Thread] c.e.d.controller.core.SaveController - Successfully saved data to src/main/resources/Saves/settings.json
22:24:07.395 INFO  [JavaFX Application Thread] c.e.demo.model.menu.SettingsModel - Saving settings...
22:24:07.396 INFO  [JavaFX Application Thread] c.e.d.controller.core.SaveController - Successfully saved data to src/main/resources/Saves/settings.json
22:24:07.397 INFO  [JavaFX Application Thread] c.e.demo.model.menu.SettingsModel - Saving settings...
22:24:07.399 INFO  [JavaFX Application Thread] c.e.d.controller.core.SaveController - Successfully saved data to src/main/resources/Saves/settings.json
22:24:07.400 INFO  [JavaFX Application Thread] c.e.demo.model.menu.SettingsModel - Saving settings...
22:24:07.400 INFO  [JavaFX Application Thread] c.e.d.controller.core.SaveController - Successfully saved data to src/main/resources/Saves/settings.json
22:24:07.402 INFO  [JavaFX Application Thread] c.e.demo.model.menu.SettingsModel - Saving settings...
22:24:07.403 INFO  [JavaFX Application Thread] c.e.d.controller.core.SaveController - Successfully saved data to src/main/resources/Saves/settings.json
22:24:07.404 INFO  [JavaFX Application Thread] c.e.demo.model.menu.SettingsModel - Saving settings...
22:24:07.405 INFO  [JavaFX Application Thread] c.e.d.controller.core.SaveController - Successfully saved data to src/main/resources/Saves/settings.json
22:24:07.406 INFO  [JavaFX Application Thread] c.e.demo.model.menu.SettingsModel - Saving settings...
22:24:07.407 INFO  [JavaFX Application Thread] c.e.d.controller.core.SaveController - Successfully saved data to src/main/resources/Saves/settings.json
22:24:07.408 INFO  [JavaFX Application Thread] c.e.demo.model.menu.SettingsModel - Saving settings...
22:24:07.408 INFO  [JavaFX Application Thread] c.e.d.controller.core.SaveController - Successfully saved data to src/main/resources/Saves/settings.json
22:24:07.412 INFO  [JavaFX Application Thread] c.e.demo.model.menu.SettingsModel - Saving settings...
22:24:07.413 INFO  [JavaFX Application Thread] c.e.d.controller.core.SaveController - Successfully saved data to src/main/resources/Saves/settings.json
22:24:07.419 INFO  [JavaFX Application Thread] c.e.demo.model.menu.SettingsModel - Saving settings...
22:24:07.420 INFO  [JavaFX Application Thread] c.e.d.controller.core.SaveController - Successfully saved data to src/main/resources/Saves/settings.json
22:24:08.982 INFO  [JavaFX Application Thread] c.e.demo.model.menu.SettingsModel - Saving settings...
22:24:08.984 INFO  [JavaFX Application Thread] c.e.d.controller.core.SaveController - Successfully saved data to src/main/resources/Saves/settings.json
22:24:08.986 INFO  [JavaFX Application Thread] c.e.demo.model.menu.SettingsModel - Saving settings...
22:24:08.986 INFO  [JavaFX Application Thread] c.e.d.controller.core.SaveController - Successfully saved data to src/main/resources/Saves/settings.json
22:24:08.989 INFO  [JavaFX Application Thread] c.e.demo.model.menu.SettingsModel - Saving settings...
22:24:08.991 INFO  [JavaFX Application Thread] c.e.d.controller.core.SaveController - Successfully saved data to src/main/resources/Saves/settings.json
22:24:08.992 INFO  [JavaFX Application Thread] c.e.demo.model.menu.SettingsModel - Saving settings...
22:24:08.993 INFO  [JavaFX Application Thread] c.e.d.controller.core.SaveController - Successfully saved data to src/main/resources/Saves/settings.json
22:24:08.994 INFO  [JavaFX Application Thread] c.e.demo.model.menu.SettingsModel - Saving settings...
22:24:09.016 INFO  [JavaFX Application Thread] c.e.d.controller.core.SaveController - Successfully saved data to src/main/resources/Saves/settings.json
22:24:09.028 INFO  [JavaFX Application Thread] c.e.demo.model.menu.SettingsModel - Saving settings...
22:24:09.029 INFO  [JavaFX Application Thread] c.e.d.controller.core.SaveController - Successfully saved data to src/main/resources/Saves/settings.json
22:24:09.030 INFO  [JavaFX Application Thread] c.e.demo.model.menu.SettingsModel - Saving settings...
22:24:09.030 INFO  [JavaFX Application Thread] c.e.d.controller.core.SaveController - Successfully saved data to src/main/resources/Saves/settings.json
22:24:09.031 INFO  [JavaFX Application Thread] c.e.demo.model.menu.SettingsModel - Saving settings...
22:24:09.032 INFO  [JavaFX Application Thread] c.e.d.controller.core.SaveController - Successfully saved data to src/main/resources/Saves/settings.json
22:24:09.034 INFO  [JavaFX Application Thread] c.e.demo.model.menu.SettingsModel - Saving settings...
22:24:09.034 INFO  [JavaFX Application Thread] c.e.d.controller.core.SaveController - Successfully saved data to src/main/resources/Saves/settings.json
22:24:09.038 INFO  [JavaFX Application Thread] c.e.demo.model.menu.SettingsModel - Saving settings...
22:24:09.039 INFO  [JavaFX Application Thread] c.e.d.controller.core.SaveController - Successfully saved data to src/main/resources/Saves/settings.json
22:24:09.041 INFO  [JavaFX Application Thread] c.e.demo.model.menu.SettingsModel - Saving settings...
22:24:09.042 INFO  [JavaFX Application Thread] c.e.d.controller.core.SaveController - Successfully saved data to src/main/resources/Saves/settings.json
22:24:09.046 INFO  [JavaFX Application Thread] c.e.demo.model.menu.SettingsModel - Saving settings...
22:24:09.046 INFO  [JavaFX Application Thread] c.e.d.controller.core.SaveController - Successfully saved data to src/main/resources/Saves/settings.json
22:24:09.050 INFO  [JavaFX Application Thread] c.e.demo.model.menu.SettingsModel - Saving settings...
22:24:09.050 INFO  [JavaFX Application Thread] c.e.d.controller.core.SaveController - Successfully saved data to src/main/resources/Saves/settings.json
22:24:09.054 INFO  [JavaFX Application Thread] c.e.demo.model.menu.SettingsModel - Saving settings...
22:24:09.056 INFO  [JavaFX Application Thread] c.e.d.controller.core.SaveController - Successfully saved data to src/main/resources/Saves/settings.json
22:24:09.059 INFO  [JavaFX Application Thread] c.e.demo.model.menu.SettingsModel - Saving settings...
22:24:09.060 INFO  [JavaFX Application Thread] c.e.d.controller.core.SaveController - Successfully saved data to src/main/resources/Saves/settings.json
22:24:09.062 INFO  [JavaFX Application Thread] c.e.demo.model.menu.SettingsModel - Saving settings...
22:24:09.063 INFO  [JavaFX Application Thread] c.e.d.controller.core.SaveController - Successfully saved data to src/main/resources/Saves/settings.json
22:24:09.066 INFO  [JavaFX Application Thread] c.e.demo.model.menu.SettingsModel - Saving settings...
22:24:09.067 INFO  [JavaFX Application Thread] c.e.d.controller.core.SaveController - Successfully saved data to src/main/resources/Saves/settings.json
22:24:09.069 INFO  [JavaFX Application Thread] c.e.demo.model.menu.SettingsModel - Saving settings...
22:24:09.071 INFO  [JavaFX Application Thread] c.e.d.controller.core.SaveController - Successfully saved data to src/main/resources/Saves/settings.json
22:24:09.073 INFO  [JavaFX Application Thread] c.e.demo.model.menu.SettingsModel - Saving settings...
22:24:09.074 INFO  [JavaFX Application Thread] c.e.d.controller.core.SaveController - Successfully saved data to src/main/resources/Saves/settings.json
22:24:09.076 INFO  [JavaFX Application Thread] c.e.demo.model.menu.SettingsModel - Saving settings...
22:24:09.077 INFO  [JavaFX Application Thread] c.e.d.controller.core.SaveController - Successfully saved data to src/main/resources/Saves/settings.json
22:24:09.078 INFO  [JavaFX Application Thread] c.e.demo.model.menu.SettingsModel - Saving settings...
22:24:09.079 INFO  [JavaFX Application Thread] c.e.d.controller.core.SaveController - Successfully saved data to src/main/resources/Saves/settings.json
22:24:09.081 INFO  [JavaFX Application Thread] c.e.demo.model.menu.SettingsModel - Saving settings...
22:24:09.082 INFO  [JavaFX Application Thread] c.e.d.controller.core.SaveController - Successfully saved data to src/main/resources/Saves/settings.json
22:24:09.083 INFO  [JavaFX Application Thread] c.e.demo.model.menu.SettingsModel - Saving settings...
22:24:09.084 INFO  [JavaFX Application Thread] c.e.d.controller.core.SaveController - Successfully saved data to src/main/resources/Saves/settings.json
22:24:09.086 INFO  [JavaFX Application Thread] c.e.demo.model.menu.SettingsModel - Saving settings...
22:24:09.086 INFO  [JavaFX Application Thread] c.e.d.controller.core.SaveController - Successfully saved data to src/main/resources/Saves/settings.json
22:24:09.088 INFO  [JavaFX Application Thread] c.e.demo.model.menu.SettingsModel - Saving settings...
22:24:09.089 INFO  [JavaFX Application Thread] c.e.d.controller.core.SaveController - Successfully saved data to src/main/resources/Saves/settings.json
22:24:09.333 INFO  [JavaFX Application Thread] c.e.demo.model.menu.SettingsModel - Saving settings...
22:24:09.334 INFO  [JavaFX Application Thread] c.e.d.controller.core.SaveController - Successfully saved data to src/main/resources/Saves/settings.json
22:24:09.548 INFO  [JavaFX Application Thread] c.e.demo.model.menu.SettingsModel - Saving settings...
22:24:09.549 INFO  [JavaFX Application Thread] c.e.d.controller.core.SaveController - Successfully saved data to src/main/resources/Saves/settings.json
22:24:09.567 INFO  [JavaFX Application Thread] c.e.demo.model.menu.SettingsModel - Saving settings...
22:24:09.569 INFO  [JavaFX Application Thread] c.e.d.controller.core.SaveController - Successfully saved data to src/main/resources/Saves/settings.json
22:24:09.709 INFO  [JavaFX Application Thread] c.e.demo.model.menu.SettingsModel - Saving settings...
22:24:09.710 INFO  [JavaFX Application Thread] c.e.d.controller.core.SaveController - Successfully saved data to src/main/resources/Saves/settings.json
22:24:09.728 INFO  [JavaFX Application Thread] c.e.demo.model.menu.SettingsModel - Saving settings...
22:24:09.729 INFO  [JavaFX Application Thread] c.e.d.controller.core.SaveController - Successfully saved data to src/main/resources/Saves/settings.json
22:24:09.737 INFO  [JavaFX Application Thread] c.e.demo.model.menu.SettingsModel - Saving settings...
22:24:09.738 INFO  [JavaFX Application Thread] c.e.d.controller.core.SaveController - Successfully saved data to src/main/resources/Saves/settings.json
22:24:09.745 INFO  [JavaFX Application Thread] c.e.demo.model.menu.SettingsModel - Saving settings...
22:24:09.746 INFO  [JavaFX Application Thread] c.e.d.controller.core.SaveController - Successfully saved data to src/main/resources/Saves/settings.json
22:24:09.752 INFO  [JavaFX Application Thread] c.e.demo.model.menu.SettingsModel - Saving settings...
22:24:09.753 INFO  [JavaFX Application Thread] c.e.d.controller.core.SaveController - Successfully saved data to src/main/resources/Saves/settings.json
22:24:09.758 INFO  [JavaFX Application Thread] c.e.demo.model.menu.SettingsModel - Saving settings...
22:24:09.760 INFO  [JavaFX Application Thread] c.e.d.controller.core.SaveController - Successfully saved data to src/main/resources/Saves/settings.json
22:24:09.763 INFO  [JavaFX Application Thread] c.e.demo.model.menu.SettingsModel - Saving settings...
22:24:09.764 INFO  [JavaFX Application Thread] c.e.d.controller.core.SaveController - Successfully saved data to src/main/resources/Saves/settings.json
22:24:09.768 INFO  [JavaFX Application Thread] c.e.demo.model.menu.SettingsModel - Saving settings...
22:24:09.769 INFO  [JavaFX Application Thread] c.e.d.controller.core.SaveController - Successfully saved data to src/main/resources/Saves/settings.json
22:24:09.772 INFO  [JavaFX Application Thread] c.e.demo.model.menu.SettingsModel - Saving settings...
22:24:09.773 INFO  [JavaFX Application Thread] c.e.d.controller.core.SaveController - Successfully saved data to src/main/resources/Saves/settings.json
22:24:09.776 INFO  [JavaFX Application Thread] c.e.demo.model.menu.SettingsModel - Saving settings...
22:24:09.779 INFO  [JavaFX Application Thread] c.e.d.controller.core.SaveController - Successfully saved data to src/main/resources/Saves/settings.json
22:24:09.781 INFO  [JavaFX Application Thread] c.e.demo.model.menu.SettingsModel - Saving settings...
22:24:09.782 INFO  [JavaFX Application Thread] c.e.d.controller.core.SaveController - Successfully saved data to src/main/resources/Saves/settings.json
22:24:09.783 INFO  [JavaFX Application Thread] c.e.demo.model.menu.SettingsModel - Saving settings...
22:24:09.784 INFO  [JavaFX Application Thread] c.e.d.controller.core.SaveController - Successfully saved data to src/main/resources/Saves/settings.json
22:24:09.786 INFO  [JavaFX Application Thread] c.e.demo.model.menu.SettingsModel - Saving settings...
22:24:09.788 INFO  [JavaFX Application Thread] c.e.d.controller.core.SaveController - Successfully saved data to src/main/resources/Saves/settings.json
22:24:09.788 INFO  [JavaFX Application Thread] c.e.demo.model.menu.SettingsModel - Saving settings...
22:24:09.790 INFO  [JavaFX Application Thread] c.e.d.controller.core.SaveController - Successfully saved data to src/main/resources/Saves/settings.json
22:24:09.791 INFO  [JavaFX Application Thread] c.e.demo.model.menu.SettingsModel - Saving settings...
22:24:09.793 INFO  [JavaFX Application Thread] c.e.d.controller.core.SaveController - Successfully saved data to src/main/resources/Saves/settings.json
22:24:09.794 INFO  [JavaFX Application Thread] c.e.demo.model.menu.SettingsModel - Saving settings...
22:24:09.796 INFO  [JavaFX Application Thread] c.e.d.controller.core.SaveController - Successfully saved data to src/main/resources/Saves/settings.json
22:24:09.797 INFO  [JavaFX Application Thread] c.e.demo.model.menu.SettingsModel - Saving settings...
22:24:09.798 INFO  [JavaFX Application Thread] c.e.d.controller.core.SaveController - Successfully saved data to src/main/resources/Saves/settings.json
22:24:09.799 INFO  [JavaFX Application Thread] c.e.demo.model.menu.SettingsModel - Saving settings...
22:24:09.800 INFO  [JavaFX Application Thread] c.e.d.controller.core.SaveController - Successfully saved data to src/main/resources/Saves/settings.json
22:24:09.801 INFO  [JavaFX Application Thread] c.e.demo.model.menu.SettingsModel - Saving settings...
22:24:09.802 INFO  [JavaFX Application Thread] c.e.d.controller.core.SaveController - Successfully saved data to src/main/resources/Saves/settings.json
22:24:09.803 INFO  [JavaFX Application Thread] c.e.demo.model.menu.SettingsModel - Saving settings...
22:24:09.804 INFO  [JavaFX Application Thread] c.e.d.controller.core.SaveController - Successfully saved data to src/main/resources/Saves/settings.json
22:24:09.807 INFO  [JavaFX Application Thread] c.e.demo.model.menu.SettingsModel - Saving settings...
22:24:09.808 INFO  [JavaFX Application Thread] c.e.d.controller.core.SaveController - Successfully saved data to src/main/resources/Saves/settings.json
22:24:09.809 INFO  [JavaFX Application Thread] c.e.demo.model.menu.SettingsModel - Saving settings...
22:24:09.809 INFO  [JavaFX Application Thread] c.e.d.controller.core.SaveController - Successfully saved data to src/main/resources/Saves/settings.json
22:24:09.810 INFO  [JavaFX Application Thread] c.e.demo.model.menu.SettingsModel - Saving settings...
22:24:09.811 INFO  [JavaFX Application Thread] c.e.d.controller.core.SaveController - Successfully saved data to src/main/resources/Saves/settings.json
22:24:09.813 INFO  [JavaFX Application Thread] c.e.demo.model.menu.SettingsModel - Saving settings...
22:24:09.814 INFO  [JavaFX Application Thread] c.e.d.controller.core.SaveController - Successfully saved data to src/main/resources/Saves/settings.json
22:24:09.815 INFO  [JavaFX Application Thread] c.e.demo.model.menu.SettingsModel - Saving settings...
22:24:09.816 INFO  [JavaFX Application Thread] c.e.d.controller.core.SaveController - Successfully saved data to src/main/resources/Saves/settings.json
22:24:09.818 INFO  [JavaFX Application Thread] c.e.demo.model.menu.SettingsModel - Saving settings...
22:24:09.818 INFO  [JavaFX Application Thread] c.e.d.controller.core.SaveController - Successfully saved data to src/main/resources/Saves/settings.json
22:24:09.820 INFO  [JavaFX Application Thread] c.e.demo.model.menu.SettingsModel - Saving settings...
22:24:09.821 INFO  [JavaFX Application Thread] c.e.d.controller.core.SaveController - Successfully saved data to src/main/resources/Saves/settings.json
22:24:09.824 INFO  [JavaFX Application Thread] c.e.demo.model.menu.SettingsModel - Saving settings...
22:24:09.824 INFO  [JavaFX Application Thread] c.e.d.controller.core.SaveController - Successfully saved data to src/main/resources/Saves/settings.json
22:24:09.827 INFO  [JavaFX Application Thread] c.e.demo.model.menu.SettingsModel - Saving settings...
22:24:09.828 INFO  [JavaFX Application Thread] c.e.d.controller.core.SaveController - Successfully saved data to src/main/resources/Saves/settings.json
22:24:09.830 INFO  [JavaFX Application Thread] c.e.demo.model.menu.SettingsModel - Saving settings...
22:24:09.831 INFO  [JavaFX Application Thread] c.e.d.controller.core.SaveController - Successfully saved data to src/main/resources/Saves/settings.json
22:24:09.834 INFO  [JavaFX Application Thread] c.e.demo.model.menu.SettingsModel - Saving settings...
22:24:09.834 INFO  [JavaFX Application Thread] c.e.d.controller.core.SaveController - Successfully saved data to src/main/resources/Saves/settings.json
22:24:09.840 INFO  [JavaFX Application Thread] c.e.demo.model.menu.SettingsModel - Saving settings...
22:24:09.841 INFO  [JavaFX Application Thread] c.e.d.controller.core.SaveController - Successfully saved data to src/main/resources/Saves/settings.json
22:24:09.846 INFO  [JavaFX Application Thread] c.e.demo.model.menu.SettingsModel - Saving settings...
22:24:09.847 INFO  [JavaFX Application Thread] c.e.d.controller.core.SaveController - Successfully saved data to src/main/resources/Saves/settings.json
22:24:09.894 INFO  [JavaFX Application Thread] c.e.demo.model.menu.SettingsModel - Saving settings...
22:24:09.895 INFO  [JavaFX Application Thread] c.e.d.controller.core.SaveController - Successfully saved data to src/main/resources/Saves/settings.json
22:24:09.900 INFO  [JavaFX Application Thread] c.e.demo.model.menu.SettingsModel - Saving settings...
22:24:09.902 INFO  [JavaFX Application Thread] c.e.d.controller.core.SaveController - Successfully saved data to src/main/resources/Saves/settings.json
22:24:09.904 INFO  [JavaFX Application Thread] c.e.demo.model.menu.SettingsModel - Saving settings...
22:24:09.904 INFO  [JavaFX Application Thread] c.e.d.controller.core.SaveController - Successfully saved data to src/main/resources/Saves/settings.json
22:24:09.907 INFO  [JavaFX Application Thread] c.e.demo.model.menu.SettingsModel - Saving settings...
22:24:09.908 INFO  [JavaFX Application Thread] c.e.d.controller.core.SaveController - Successfully saved data to src/main/resources/Saves/settings.json
22:24:09.909 INFO  [JavaFX Application Thread] c.e.demo.model.menu.SettingsModel - Saving settings...
22:24:09.910 INFO  [JavaFX Application Thread] c.e.d.controller.core.SaveController - Successfully saved data to src/main/resources/Saves/settings.json
22:24:09.915 INFO  [JavaFX Application Thread] c.e.demo.model.menu.SettingsModel - Saving settings...
22:24:09.915 INFO  [JavaFX Application Thread] c.e.d.controller.core.SaveController - Successfully saved data to src/main/resources/Saves/settings.json
22:24:09.916 INFO  [JavaFX Application Thread] c.e.demo.model.menu.SettingsModel - Saving settings...
22:24:09.917 INFO  [JavaFX Application Thread] c.e.d.controller.core.SaveController - Successfully saved data to src/main/resources/Saves/settings.json
22:24:09.918 INFO  [JavaFX Application Thread] c.e.demo.model.menu.SettingsModel - Saving settings...
22:24:09.918 INFO  [JavaFX Application Thread] c.e.d.controller.core.SaveController - Successfully saved data to src/main/resources/Saves/settings.json
22:24:09.920 INFO  [JavaFX Application Thread] c.e.demo.model.menu.SettingsModel - Saving settings...
22:24:09.920 INFO  [JavaFX Application Thread] c.e.d.controller.core.SaveController - Successfully saved data to src/main/resources/Saves/settings.json
22:24:09.922 INFO  [JavaFX Application Thread] c.e.demo.model.menu.SettingsModel - Saving settings...
22:24:09.923 INFO  [JavaFX Application Thread] c.e.d.controller.core.SaveController - Successfully saved data to src/main/resources/Saves/settings.json
22:24:09.924 INFO  [JavaFX Application Thread] c.e.demo.model.menu.SettingsModel - Saving settings...
22:24:09.925 INFO  [JavaFX Application Thread] c.e.d.controller.core.SaveController - Successfully saved data to src/main/resources/Saves/settings.json
22:24:09.925 INFO  [JavaFX Application Thread] c.e.demo.model.menu.SettingsModel - Saving settings...
22:24:09.925 INFO  [JavaFX Application Thread] c.e.d.controller.core.SaveController - Successfully saved data to src/main/resources/Saves/settings.json
22:24:09.927 INFO  [JavaFX Application Thread] c.e.demo.model.menu.SettingsModel - Saving settings...
22:24:09.927 INFO  [JavaFX Application Thread] c.e.d.controller.core.SaveController - Successfully saved data to src/main/resources/Saves/settings.json
22:24:09.929 INFO  [JavaFX Application Thread] c.e.demo.model.menu.SettingsModel - Saving settings...
22:24:09.929 INFO  [JavaFX Application Thread] c.e.d.controller.core.SaveController - Successfully saved data to src/main/resources/Saves/settings.json
22:24:09.930 INFO  [JavaFX Application Thread] c.e.demo.model.menu.SettingsModel - Saving settings...
22:24:09.930 INFO  [JavaFX Application Thread] c.e.d.controller.core.SaveController - Successfully saved data to src/main/resources/Saves/settings.json
22:24:09.931 INFO  [JavaFX Application Thread] c.e.demo.model.menu.SettingsModel - Saving settings...
22:24:09.932 INFO  [JavaFX Application Thread] c.e.d.controller.core.SaveController - Successfully saved data to src/main/resources/Saves/settings.json
22:24:09.932 INFO  [JavaFX Application Thread] c.e.demo.model.menu.SettingsModel - Saving settings...
22:24:09.932 INFO  [JavaFX Application Thread] c.e.d.controller.core.SaveController - Successfully saved data to src/main/resources/Saves/settings.json
22:24:09.934 INFO  [JavaFX Application Thread] c.e.demo.model.menu.SettingsModel - Saving settings...
22:24:09.934 INFO  [JavaFX Application Thread] c.e.d.controller.core.SaveController - Successfully saved data to src/main/resources/Saves/settings.json
22:24:09.934 INFO  [JavaFX Application Thread] c.e.demo.model.menu.SettingsModel - Saving settings...
22:24:09.936 INFO  [JavaFX Application Thread] c.e.d.controller.core.SaveController - Successfully saved data to src/main/resources/Saves/settings.json
22:24:09.936 INFO  [JavaFX Application Thread] c.e.demo.model.menu.SettingsModel - Saving settings...
22:24:09.937 INFO  [JavaFX Application Thread] c.e.d.controller.core.SaveController - Successfully saved data to src/main/resources/Saves/settings.json
22:24:09.945 INFO  [JavaFX Application Thread] c.e.demo.model.menu.SettingsModel - Saving settings...
22:24:09.945 INFO  [JavaFX Application Thread] c.e.d.controller.core.SaveController - Successfully saved data to src/main/resources/Saves/settings.json
22:24:09.946 INFO  [JavaFX Application Thread] c.e.demo.model.menu.SettingsModel - Saving settings...
22:24:09.946 INFO  [JavaFX Application Thread] c.e.d.controller.core.SaveController - Successfully saved data to src/main/resources/Saves/settings.json
22:24:09.946 INFO  [JavaFX Application Thread] c.e.demo.model.menu.SettingsModel - Saving settings...
22:24:09.946 INFO  [JavaFX Application Thread] c.e.d.controller.core.SaveController - Successfully saved data to src/main/resources/Saves/settings.json
22:24:09.948 INFO  [JavaFX Application Thread] c.e.demo.model.menu.SettingsModel - Saving settings...
22:24:09.948 INFO  [JavaFX Application Thread] c.e.d.controller.core.SaveController - Successfully saved data to src/main/resources/Saves/settings.json
22:24:09.951 INFO  [JavaFX Application Thread] c.e.demo.model.menu.SettingsModel - Saving settings...
22:24:09.952 INFO  [JavaFX Application Thread] c.e.d.controller.core.SaveController - Successfully saved data to src/main/resources/Saves/settings.json
22:24:09.958 INFO  [JavaFX Application Thread] c.e.demo.model.menu.SettingsModel - Saving settings...
22:24:09.959 INFO  [JavaFX Application Thread] c.e.d.controller.core.SaveController - Successfully saved data to src/main/resources/Saves/settings.json
22:24:09.960 INFO  [JavaFX Application Thread] c.e.demo.model.menu.SettingsModel - Saving settings...
22:24:09.960 INFO  [JavaFX Application Thread] c.e.d.controller.core.SaveController - Successfully saved data to src/main/resources/Saves/settings.json
22:24:09.961 INFO  [JavaFX Application Thread] c.e.demo.model.menu.SettingsModel - Saving settings...
22:24:09.961 INFO  [JavaFX Application Thread] c.e.d.controller.core.SaveController - Successfully saved data to src/main/resources/Saves/settings.json
22:24:09.962 INFO  [JavaFX Application Thread] c.e.demo.model.menu.SettingsModel - Saving settings...
22:24:09.964 INFO  [JavaFX Application Thread] c.e.d.controller.core.SaveController - Successfully saved data to src/main/resources/Saves/settings.json
22:24:09.965 INFO  [JavaFX Application Thread] c.e.demo.model.menu.SettingsModel - Saving settings...
22:24:09.966 INFO  [JavaFX Application Thread] c.e.d.controller.core.SaveController - Successfully saved data to src/main/resources/Saves/settings.json
22:24:09.967 INFO  [JavaFX Application Thread] c.e.demo.model.menu.SettingsModel - Saving settings...
22:24:09.968 INFO  [JavaFX Application Thread] c.e.d.controller.core.SaveController - Successfully saved data to src/main/resources/Saves/settings.json
22:24:09.969 INFO  [JavaFX Application Thread] c.e.demo.model.menu.SettingsModel - Saving settings...
22:24:09.971 INFO  [JavaFX Application Thread] c.e.d.controller.core.SaveController - Successfully saved data to src/main/resources/Saves/settings.json
22:24:09.973 INFO  [JavaFX Application Thread] c.e.demo.model.menu.SettingsModel - Saving settings...
22:24:09.974 INFO  [JavaFX Application Thread] c.e.d.controller.core.SaveController - Successfully saved data to src/main/resources/Saves/settings.json
22:24:09.975 INFO  [JavaFX Application Thread] c.e.demo.model.menu.SettingsModel - Saving settings...
22:24:09.976 INFO  [JavaFX Application Thread] c.e.d.controller.core.SaveController - Successfully saved data to src/main/resources/Saves/settings.json
22:24:09.978 INFO  [JavaFX Application Thread] c.e.demo.model.menu.SettingsModel - Saving settings...
22:24:09.978 INFO  [JavaFX Application Thread] c.e.d.controller.core.SaveController - Successfully saved data to src/main/resources/Saves/settings.json
22:24:09.980 INFO  [JavaFX Application Thread] c.e.demo.model.menu.SettingsModel - Saving settings...
22:24:09.981 INFO  [JavaFX Application Thread] c.e.d.controller.core.SaveController - Successfully saved data to src/main/resources/Saves/settings.json
22:24:09.984 INFO  [JavaFX Application Thread] c.e.demo.model.menu.SettingsModel - Saving settings...
22:24:09.984 INFO  [JavaFX Application Thread] c.e.d.controller.core.SaveController - Successfully saved data to src/main/resources/Saves/settings.json
22:24:09.986 INFO  [JavaFX Application Thread] c.e.demo.model.menu.SettingsModel - Saving settings...
22:24:09.986 INFO  [JavaFX Application Thread] c.e.d.controller.core.SaveController - Successfully saved data to src/main/resources/Saves/settings.json
22:24:09.988 INFO  [JavaFX Application Thread] c.e.demo.model.menu.SettingsModel - Saving settings...
22:24:09.988 INFO  [JavaFX Application Thread] c.e.d.controller.core.SaveController - Successfully saved data to src/main/resources/Saves/settings.json
22:24:09.992 INFO  [JavaFX Application Thread] c.e.demo.model.menu.SettingsModel - Saving settings...
22:24:09.993 INFO  [JavaFX Application Thread] c.e.d.controller.core.SaveController - Successfully saved data to src/main/resources/Saves/settings.json
22:24:09.995 INFO  [JavaFX Application Thread] c.e.demo.model.menu.SettingsModel - Saving settings...
22:24:09.995 INFO  [JavaFX Application Thread] c.e.d.controller.core.SaveController - Successfully saved data to src/main/resources/Saves/settings.json
22:24:09.997 INFO  [JavaFX Application Thread] c.e.demo.model.menu.SettingsModel - Saving settings...
22:24:09.998 INFO  [JavaFX Application Thread] c.e.d.controller.core.SaveController - Successfully saved data to src/main/resources/Saves/settings.json
22:24:09.999 INFO  [JavaFX Application Thread] c.e.demo.model.menu.SettingsModel - Saving settings...
22:24:10.000 INFO  [JavaFX Application Thread] c.e.d.controller.core.SaveController - Successfully saved data to src/main/resources/Saves/settings.json
22:24:10.001 INFO  [JavaFX Application Thread] c.e.demo.model.menu.SettingsModel - Saving settings...
22:24:10.002 INFO  [JavaFX Application Thread] c.e.d.controller.core.SaveController - Successfully saved data to src/main/resources/Saves/settings.json
22:24:10.003 INFO  [JavaFX Application Thread] c.e.demo.model.menu.SettingsModel - Saving settings...
22:24:10.003 INFO  [JavaFX Application Thread] c.e.d.controller.core.SaveController - Successfully saved data to src/main/resources/Saves/settings.json
22:24:10.006 INFO  [JavaFX Application Thread] c.e.demo.model.menu.SettingsModel - Saving settings...
22:24:10.007 INFO  [JavaFX Application Thread] c.e.d.controller.core.SaveController - Successfully saved data to src/main/resources/Saves/settings.json
22:24:10.007 INFO  [JavaFX Application Thread] c.e.demo.model.menu.SettingsModel - Saving settings...
22:24:10.008 INFO  [JavaFX Application Thread] c.e.d.controller.core.SaveController - Successfully saved data to src/main/resources/Saves/settings.json
22:24:10.008 INFO  [JavaFX Application Thread] c.e.demo.model.menu.SettingsModel - Saving settings...
22:24:10.010 INFO  [JavaFX Application Thread] c.e.d.controller.core.SaveController - Successfully saved data to src/main/resources/Saves/settings.json
22:24:10.010 INFO  [JavaFX Application Thread] c.e.demo.model.menu.SettingsModel - Saving settings...
22:24:10.010 INFO  [JavaFX Application Thread] c.e.d.controller.core.SaveController - Successfully saved data to src/main/resources/Saves/settings.json
22:24:10.011 INFO  [JavaFX Application Thread] c.e.demo.model.menu.SettingsModel - Saving settings...
22:24:10.012 INFO  [JavaFX Application Thread] c.e.d.controller.core.SaveController - Successfully saved data to src/main/resources/Saves/settings.json
22:24:10.013 INFO  [JavaFX Application Thread] c.e.demo.model.menu.SettingsModel - Saving settings...
22:24:10.013 INFO  [JavaFX Application Thread] c.e.d.controller.core.SaveController - Successfully saved data to src/main/resources/Saves/settings.json
22:24:10.014 INFO  [JavaFX Application Thread] c.e.demo.model.menu.SettingsModel - Saving settings...
22:24:10.016 INFO  [JavaFX Application Thread] c.e.d.controller.core.SaveController - Successfully saved data to src/main/resources/Saves/settings.json
22:24:10.016 INFO  [JavaFX Application Thread] c.e.demo.model.menu.SettingsModel - Saving settings...
22:24:10.016 INFO  [JavaFX Application Thread] c.e.d.controller.core.SaveController - Successfully saved data to src/main/resources/Saves/settings.json
22:24:10.021 INFO  [JavaFX Application Thread] c.e.demo.model.menu.SettingsModel - Saving settings...
22:24:10.022 INFO  [JavaFX Application Thread] c.e.d.controller.core.SaveController - Successfully saved data to src/main/resources/Saves/settings.json
22:24:10.023 INFO  [JavaFX Application Thread] c.e.demo.model.menu.SettingsModel - Saving settings...
22:24:10.023 INFO  [JavaFX Application Thread] c.e.d.controller.core.SaveController - Successfully saved data to src/main/resources/Saves/settings.json
22:24:10.024 INFO  [JavaFX Application Thread] c.e.demo.model.menu.SettingsModel - Saving settings...
22:24:10.024 INFO  [JavaFX Application Thread] c.e.d.controller.core.SaveController - Successfully saved data to src/main/resources/Saves/settings.json
22:24:10.025 INFO  [JavaFX Application Thread] c.e.demo.model.menu.SettingsModel - Saving settings...
22:24:10.025 INFO  [JavaFX Application Thread] c.e.d.controller.core.SaveController - Successfully saved data to src/main/resources/Saves/settings.json
22:24:10.026 INFO  [JavaFX Application Thread] c.e.demo.model.menu.SettingsModel - Saving settings...
22:24:10.027 INFO  [JavaFX Application Thread] c.e.d.controller.core.SaveController - Successfully saved data to src/main/resources/Saves/settings.json
22:24:10.028 INFO  [JavaFX Application Thread] c.e.demo.model.menu.SettingsModel - Saving settings...
22:24:10.028 INFO  [JavaFX Application Thread] c.e.d.controller.core.SaveController - Successfully saved data to src/main/resources/Saves/settings.json
22:24:10.029 INFO  [JavaFX Application Thread] c.e.demo.model.menu.SettingsModel - Saving settings...
22:24:10.029 INFO  [JavaFX Application Thread] c.e.d.controller.core.SaveController - Successfully saved data to src/main/resources/Saves/settings.json
22:24:10.030 INFO  [JavaFX Application Thread] c.e.demo.model.menu.SettingsModel - Saving settings...
22:24:10.030 INFO  [JavaFX Application Thread] c.e.d.controller.core.SaveController - Successfully saved data to src/main/resources/Saves/settings.json
22:24:10.030 INFO  [JavaFX Application Thread] c.e.demo.model.menu.SettingsModel - Saving settings...
22:24:10.031 INFO  [JavaFX Application Thread] c.e.d.controller.core.SaveController - Successfully saved data to src/main/resources/Saves/settings.json
22:24:10.031 INFO  [JavaFX Application Thread] c.e.demo.model.menu.SettingsModel - Saving settings...
22:24:10.032 INFO  [JavaFX Application Thread] c.e.d.controller.core.SaveController - Successfully saved data to src/main/resources/Saves/settings.json
22:24:10.033 INFO  [JavaFX Application Thread] c.e.demo.model.menu.SettingsModel - Saving settings...
22:24:10.034 INFO  [JavaFX Application Thread] c.e.d.controller.core.SaveController - Successfully saved data to src/main/resources/Saves/settings.json
22:24:10.035 INFO  [JavaFX Application Thread] c.e.demo.model.menu.SettingsModel - Saving settings...
22:24:10.037 INFO  [JavaFX Application Thread] c.e.d.controller.core.SaveController - Successfully saved data to src/main/resources/Saves/settings.json
22:24:10.037 INFO  [JavaFX Application Thread] c.e.demo.model.menu.SettingsModel - Saving settings...
22:24:10.038 INFO  [JavaFX Application Thread] c.e.d.controller.core.SaveController - Successfully saved data to src/main/resources/Saves/settings.json
22:24:10.038 INFO  [JavaFX Application Thread] c.e.demo.model.menu.SettingsModel - Saving settings...
22:24:10.039 INFO  [JavaFX Application Thread] c.e.d.controller.core.SaveController - Successfully saved data to src/main/resources/Saves/settings.json
22:24:10.041 INFO  [JavaFX Application Thread] c.e.demo.model.menu.SettingsModel - Saving settings...
22:24:10.041 INFO  [JavaFX Application Thread] c.e.d.controller.core.SaveController - Successfully saved data to src/main/resources/Saves/settings.json
22:24:10.042 INFO  [JavaFX Application Thread] c.e.demo.model.menu.SettingsModel - Saving settings...
22:24:10.043 INFO  [JavaFX Application Thread] c.e.d.controller.core.SaveController - Successfully saved data to src/main/resources/Saves/settings.json
22:24:10.043 INFO  [JavaFX Application Thread] c.e.demo.model.menu.SettingsModel - Saving settings...
22:24:10.044 INFO  [JavaFX Application Thread] c.e.d.controller.core.SaveController - Successfully saved data to src/main/resources/Saves/settings.json
22:24:10.046 INFO  [JavaFX Application Thread] c.e.demo.model.menu.SettingsModel - Saving settings...
22:24:10.046 INFO  [JavaFX Application Thread] c.e.d.controller.core.SaveController - Successfully saved data to src/main/resources/Saves/settings.json
22:24:10.048 INFO  [JavaFX Application Thread] c.e.demo.model.menu.SettingsModel - Saving settings...
22:24:10.048 INFO  [JavaFX Application Thread] c.e.d.controller.core.SaveController - Successfully saved data to src/main/resources/Saves/settings.json
22:24:10.054 INFO  [JavaFX Application Thread] c.e.demo.model.menu.SettingsModel - Saving settings...
22:24:10.055 INFO  [JavaFX Application Thread] c.e.d.controller.core.SaveController - Successfully saved data to src/main/resources/Saves/settings.json
22:24:10.055 INFO  [JavaFX Application Thread] c.e.demo.model.menu.SettingsModel - Saving settings...
22:24:10.057 INFO  [JavaFX Application Thread] c.e.d.controller.core.SaveController - Successfully saved data to src/main/resources/Saves/settings.json
22:24:10.059 INFO  [JavaFX Application Thread] c.e.demo.model.menu.SettingsModel - Saving settings...
22:24:10.060 INFO  [JavaFX Application Thread] c.e.d.controller.core.SaveController - Successfully saved data to src/main/resources/Saves/settings.json
22:24:10.061 INFO  [JavaFX Application Thread] c.e.demo.model.menu.SettingsModel - Saving settings...
22:24:10.062 INFO  [JavaFX Application Thread] c.e.d.controller.core.SaveController - Successfully saved data to src/main/resources/Saves/settings.json
22:24:10.063 INFO  [JavaFX Application Thread] c.e.demo.model.menu.SettingsModel - Saving settings...
22:24:10.063 INFO  [JavaFX Application Thread] c.e.d.controller.core.SaveController - Successfully saved data to src/main/resources/Saves/settings.json
22:24:10.064 INFO  [JavaFX Application Thread] c.e.demo.model.menu.SettingsModel - Saving settings...
22:24:10.065 INFO  [JavaFX Application Thread] c.e.d.controller.core.SaveController - Successfully saved data to src/main/resources/Saves/settings.json
22:24:10.069 INFO  [JavaFX Application Thread] c.e.demo.model.menu.SettingsModel - Saving settings...
22:24:10.070 INFO  [JavaFX Application Thread] c.e.d.controller.core.SaveController - Successfully saved data to src/main/resources/Saves/settings.json
22:24:10.070 INFO  [JavaFX Application Thread] c.e.demo.model.menu.SettingsModel - Saving settings...
22:24:10.070 INFO  [JavaFX Application Thread] c.e.d.controller.core.SaveController - Successfully saved data to src/main/resources/Saves/settings.json
22:24:10.072 INFO  [JavaFX Application Thread] c.e.demo.model.menu.SettingsModel - Saving settings...
22:24:10.073 INFO  [JavaFX Application Thread] c.e.d.controller.core.SaveController - Successfully saved data to src/main/resources/Saves/settings.json
22:24:10.076 INFO  [JavaFX Application Thread] c.e.demo.model.menu.SettingsModel - Saving settings...
22:24:10.077 INFO  [JavaFX Application Thread] c.e.d.controller.core.SaveController - Successfully saved data to src/main/resources/Saves/settings.json
22:24:10.081 INFO  [JavaFX Application Thread] c.e.demo.model.menu.SettingsModel - Saving settings...
22:24:10.082 INFO  [JavaFX Application Thread] c.e.d.controller.core.SaveController - Successfully saved data to src/main/resources/Saves/settings.json
22:24:10.087 INFO  [JavaFX Application Thread] c.e.demo.model.menu.SettingsModel - Saving settings...
22:24:10.087 INFO  [JavaFX Application Thread] c.e.d.controller.core.SaveController - Successfully saved data to src/main/resources/Saves/settings.json
22:24:10.146 INFO  [JavaFX Application Thread] c.e.demo.model.menu.SettingsModel - Saving settings...
22:24:10.147 INFO  [JavaFX Application Thread] c.e.d.controller.core.SaveController - Successfully saved data to src/main/resources/Saves/settings.json
22:24:13.897 INFO  [JavaFX Application Thread] c.e.demo.model.menu.SettingsModel - Saving settings...
22:24:13.898 INFO  [JavaFX Application Thread] c.e.d.controller.core.SaveController - Successfully saved data to src/main/resources/Saves/settings.json
22:24:14.324 INFO  [JavaFX Application Thread] c.e.demo.model.menu.SettingsModel - Saving settings...
22:24:14.325 INFO  [JavaFX Application Thread] c.e.d.controller.core.SaveController - Successfully saved data to src/main/resources/Saves/settings.json
22:24:14.815 INFO  [JavaFX Application Thread] c.e.demo.model.menu.SettingsModel - Saving settings...
22:24:14.816 INFO  [JavaFX Application Thread] c.e.d.controller.core.SaveController - Successfully saved data to src/main/resources/Saves/settings.json
22:24:15.151 INFO  [JavaFX Application Thread] c.e.demo.model.menu.SettingsModel - Saving settings...
22:24:15.153 INFO  [JavaFX Application Thread] c.e.d.controller.core.SaveController - Successfully saved data to src/main/resources/Saves/settings.json
22:24:16.367 INFO  [JavaFX Application Thread] c.e.demo.model.menu.SettingsModel - Saving settings...
22:24:16.368 INFO  [JavaFX Application Thread] c.e.d.controller.core.SaveController - Successfully saved data to src/main/resources/Saves/settings.json
22:24:17.052 INFO  [JavaFX Application Thread] c.e.demo.model.menu.SettingsModel - Saving settings...
22:24:17.052 INFO  [JavaFX Application Thread] c.e.d.controller.core.SaveController - Successfully saved data to src/main/resources/Saves/settings.json
22:24:17.427 INFO  [JavaFX Application Thread] c.e.demo.model.menu.SettingsModel - Saving settings...
22:24:17.427 INFO  [JavaFX Application Thread] c.e.d.controller.core.SaveController - Successfully saved data to src/main/resources/Saves/settings.json
22:24:17.794 INFO  [JavaFX Application Thread] c.e.demo.model.menu.SettingsModel - Saving settings...
22:24:17.795 INFO  [JavaFX Application Thread] c.e.d.controller.core.SaveController - Successfully saved data to src/main/resources/Saves/settings.json
22:24:40.224 INFO  [JavaFX Application Thread] c.e.d.controller.core.SaveController - Successfully loaded data from src/main/resources/Saves/settings.json
22:28:32.241 INFO  [JavaFX Application Thread] c.e.d.controller.core.SaveController - Successfully loaded data from src/main/resources/Saves/settings.json
22:28:34.867 INFO  [JavaFX Application Thread] c.e.d.c.view.SlotSelectionController - Back to menu
22:52:29.617 INFO  [JavaFX Application Thread] c.e.d.controller.core.SaveController - Successfully loaded data from src/main/resources/Saves/settings.json
22:52:33.935 INFO  [JavaFX Application Thread] c.e.d.c.view.SlotSelectionController - Starting new game in slot 1
22:52:34.114 INFO  [JavaFX Application Thread] c.e.d.controller.core.GameController - Is New Game: true
22:52:34.115 INFO  [JavaFX Application Thread] c.e.d.controller.core.GameController - Current Slot: 1
22:52:34.124 INFO  [JavaFX Application Thread] c.e.d.utils.dialogue.DialogueSystem - Loading script from:  /Dialogue/intro.txt
22:52:35.265 INFO  [JavaFX Application Thread] c.example.demo.view.LoadTransition - Loaded level 2 with 182 bricks
22:52:35.266 INFO  [JavaFX Application Thread] c.e.d.controller.core.GameController - FPS: 97
22:52:36.272 INFO  [JavaFX Application Thread] c.e.d.controller.core.GameController - FPS: 83
22:52:37.296 INFO  [JavaFX Application Thread] c.e.d.controller.core.GameController - FPS: 103
22:52:38.304 INFO  [JavaFX Application Thread] c.e.d.controller.core.GameController - FPS: 75
22:52:39.313 INFO  [JavaFX Application Thread] c.e.d.controller.core.GameController - FPS: 78
22:52:40.320 INFO  [JavaFX Application Thread] c.e.d.controller.core.GameController - FPS: 79
22:52:41.328 INFO  [JavaFX Application Thread] c.e.d.controller.core.GameController - FPS: 78
22:52:44.275 INFO  [JavaFX Application Thread] c.e.d.controller.core.SaveController - Successfully loaded data from src/main/resources/Saves/settings.json
22:52:56.255 INFO  [JavaFX Application Thread] c.e.d.c.view.SlotSelectionController - Starting new game in slot 2
22:52:56.437 INFO  [JavaFX Application Thread] c.e.d.controller.core.GameController - Is New Game: true
22:52:56.439 INFO  [JavaFX Application Thread] c.e.d.controller.core.GameController - Current Slot: 2
22:52:56.445 INFO  [JavaFX Application Thread] c.e.d.utils.dialogue.DialogueSystem - Loading script from:  /Dialogue/intro.txt
22:52:57.544 INFO  [JavaFX Application Thread] c.example.demo.view.LoadTransition - Loaded level 2 with 182 bricks
22:52:57.546 INFO  [JavaFX Application Thread] c.e.d.controller.core.GameController - FPS: 103
23:03:06.560 INFO  [JavaFX Application Thread] c.e.d.controller.core.SaveController - Successfully loaded data from src/main/resources/Saves/settings.json
23:03:35.474 INFO  [JavaFX Application Thread] c.e.d.controller.core.SaveController - Successfully loaded data from src/main/resources/Saves/settings.json
23:07:01.836 INFO  [JavaFX Application Thread] c.e.d.controller.core.SaveController - Successfully loaded data from src/main/resources/Saves/settings.json
23:07:05.483 INFO  [JavaFX Application Thread] c.e.d.c.view.SlotSelectionController - Starting new game in slot 1
23:07:05.663 INFO  [JavaFX Application Thread] c.e.d.controller.core.GameController - Is New Game: true
23:07:05.663 INFO  [JavaFX Application Thread] c.e.d.controller.core.GameController - Current Slot: 1
23:07:05.671 INFO  [JavaFX Application Thread] c.e.d.utils.dialogue.DialogueSystem - Loading script from:  /Dialogue/intro.txt
23:07:06.766 INFO  [JavaFX Application Thread] c.example.demo.view.LoadTransition - Loaded level 2 with 182 bricks
23:07:06.767 INFO  [JavaFX Application Thread] c.e.d.controller.core.GameController - FPS: 118
23:07:07.773 INFO  [JavaFX Application Thread] c.e.d.controller.core.GameController - FPS: 106
