17:08:15.005 INFO  [JavaFX Application Thread] c.e.d.controller.core.GameController - FPS: 61
17:08:15.363 INFO  [JavaFX Application Thread] c.e.d.controller.core.GameController - ENTER
17:08:15.517 INFO  [JavaFX Application Thread] c.e.d.controller.core.GameController - ENTER
17:08:15.668 INFO  [JavaFX Application Thread] c.e.d.controller.core.GameController - ENTER
17:08:15.816 INFO  [JavaFX Application Thread] c.e.d.controller.core.GameController - ENTER
17:08:15.967 INFO  [JavaFX Application Thread] c.e.d.controller.core.GameController - ENTER
17:08:16.000 INFO  [JavaFX Application Thread] c.example.demo.view.LoadTransition - Loaded map: 1 with 124 bricks
17:08:16.018 INFO  [JavaFX Application Thread] c.e.d.controller.core.GameController - FPS: 60
17:08:16.128 INFO  [JavaFX Application Thread] c.e.d.controller.core.GameController - ENTER
17:08:16.687 INFO  [JavaFX Application Thread] c.e.d.controller.core.GameController - RIGHT
17:08:16.817 INFO  [JavaFX Application Thread] c.e.d.controller.core.GameController - LEFT
17:08:16.904 INFO  [JavaFX Application Thread] c.e.d.controller.core.GameController - RIGHT
17:08:16.976 INFO  [JavaFX Application Thread] c.e.d.controller.core.GameController - LEFT
17:08:17.028 INFO  [JavaFX Application Thread] c.e.d.controller.core.GameController - FPS: 61
17:08:17.101 INFO  [JavaFX Application Thread] c.e.d.controller.core.GameController - RIGHT
17:08:17.184 INFO  [JavaFX Application Thread] c.e.d.controller.core.GameController - LEFT
17:08:17.320 INFO  [JavaFX Application Thread] c.e.d.controller.core.GameController - RIGHT
17:08:17.367 INFO  [JavaFX Application Thread] c.e.d.controller.core.GameController - LEFT
17:08:17.535 INFO  [JavaFX Application Thread] c.e.d.controller.core.GameController - RIGHT
17:08:17.634 INFO  [JavaFX Application Thread] c.e.d.controller.core.GameController - LEFT
17:08:17.751 INFO  [JavaFX Application Thread] c.e.d.controller.core.GameController - RIGHT
17:08:17.823 INFO  [JavaFX Application Thread] c.e.d.controller.core.GameController - LEFT
17:08:18.017 INFO  [JavaFX Application Thread] c.e.d.controller.core.GameController - RIGHT
17:08:18.035 INFO  [JavaFX Application Thread] c.e.d.controller.core.GameController - FPS: 61
17:08:18.135 INFO  [JavaFX Application Thread] c.e.d.controller.core.GameController - LEFT
17:08:18.319 INFO  [JavaFX Application Thread] c.e.d.controller.core.GameController - RIGHT
17:08:18.495 INFO  [JavaFX Application Thread] c.e.d.controller.core.GameController - LEFT
17:08:18.686 INFO  [JavaFX Application Thread] c.e.d.controller.core.GameController - RIGHT
17:08:18.801 INFO  [JavaFX Application Thread] c.e.d.controller.core.GameController - LEFT
17:08:18.896 INFO  [JavaFX Application Thread] c.e.d.controller.core.GameController - RIGHT
17:08:19.043 INFO  [JavaFX Application Thread] c.e.d.controller.core.GameController - FPS: 60
17:08:19.327 INFO  [JavaFX Application Thread] c.e.d.controller.core.GameController - LEFT
17:08:19.550 INFO  [JavaFX Application Thread] c.e.d.controller.core.GameController - RIGHT
17:08:19.684 INFO  [JavaFX Application Thread] c.e.d.controller.core.GameController - LEFT
17:08:19.824 INFO  [JavaFX Application Thread] c.e.d.controller.core.GameController - RIGHT
17:08:19.951 INFO  [JavaFX Application Thread] c.e.d.controller.core.GameController - LEFT
17:08:20.052 INFO  [JavaFX Application Thread] c.e.d.controller.core.GameController - FPS: 61
17:08:20.192 INFO  [JavaFX Application Thread] c.e.d.controller.core.GameController - RIGHT
17:08:20.352 INFO  [JavaFX Application Thread] c.e.d.controller.core.GameController - LEFT
17:08:21.060 INFO  [JavaFX Application Thread] c.e.d.controller.core.GameController - FPS: 60
