22:22:25.641 INFO  [JavaFX Application Thread] c.e.d.controller.core.SaveController - Successfully loaded data from src/main/resources/Saves/settings.json
22:22:28.536 INFO  [JavaFX Application Thread] c.e.d.c.view.SlotSelectionController - Starting new game in slot 1
22:22:28.769 INFO  [JavaFX Application Thread] c.e.d.controller.core.GameController - Is New Game: true
22:22:28.770 INFO  [JavaFX Application Thread] c.e.d.controller.core.GameController - Current Slot: 1
22:22:28.784 INFO  [JavaFX Application Thread] c.e.d.utils.dialogue.DialogueSystem - Loading script from:  /Dialogue/intro.txt
22:22:29.888 INFO  [JavaFX Application Thread] c.example.demo.view.LoadTransition - Loaded level 2 with 182 bricks
22:22:29.889 INFO  [JavaFX Application Thread] c.e.d.controller.core.GameController - FPS: 126
22:22:30.889 INFO  [JavaFX Application Thread] c.e.d.controller.core.GameController - FPS: 140
22:22:31.703 INFO  [JavaFX Application Thread] c.e.d.controller.core.GameController - Game resumed
22:22:31.705 INFO  [JavaFX Application Thread] c.e.d.controller.core.GameController - Game resumed
22:22:31.897 INFO  [JavaFX Application Thread] c.e.d.controller.core.GameController - FPS: 136
22:22:32.901 INFO  [JavaFX Application Thread] c.e.d.controller.core.GameController - FPS: 143
22:22:33.866 INFO  [JavaFX Application Thread] c.e.d.controller.core.SaveController - Saving game to slot 1...
22:22:33.899 INFO  [JavaFX Application Thread] c.e.d.controller.core.SaveController - Successfully saved data to src\main\resources\Saves\slot_1.json
22:22:33.900 INFO  [JavaFX Application Thread] c.e.d.repository.SaveDataRepository - Saved slot 1
22:22:33.900 INFO  [JavaFX Application Thread] c.e.d.controller.core.SaveController - Save complete.
22:22:34.026 INFO  [JavaFX Application Thread] c.e.d.controller.core.GameController - FPS: 133
22:22:35.034 INFO  [JavaFX Application Thread] c.e.d.controller.core.GameController - FPS: 143
22:22:35.800 INFO  [JavaFX Application Thread] c.e.d.controller.core.SaveController - Successfully loaded data from src\main\resources\Saves\slot_1.json
22:22:35.800 INFO  [JavaFX Application Thread] c.e.d.repository.SaveDataRepository - Loaded slot 1 successfully.
22:22:36.046 INFO  [JavaFX Application Thread] c.e.d.controller.core.GameController - FPS: 125
22:22:37.054 INFO  [JavaFX Application Thread] c.e.d.controller.core.GameController - FPS: 106
22:22:38.062 INFO  [JavaFX Application Thread] c.e.d.controller.core.GameController - FPS: 63
22:22:39.070 INFO  [JavaFX Application Thread] c.e.d.controller.core.GameController - FPS: 63
22:22:40.079 INFO  [JavaFX Application Thread] c.e.d.controller.core.GameController - FPS: 63
22:22:41.087 INFO  [JavaFX Application Thread] c.e.d.controller.core.GameController - FPS: 63
22:22:42.089 INFO  [JavaFX Application Thread] c.e.d.controller.core.GameController - FPS: 121
22:22:42.219 INFO  [JavaFX Application Thread] c.e.d.c.view.SlotSelectionController - Loading game from slot 1
22:22:42.221 INFO  [JavaFX Application Thread] c.e.d.controller.core.SaveController - Successfully loaded data from src\main\resources\Saves\slot_1.json
22:22:42.222 INFO  [JavaFX Application Thread] c.e.d.repository.SaveDataRepository - Loaded slot 1 successfully.
22:22:42.222 INFO  [JavaFX Application Thread] com.example.demo.Main - === LOADING GAME from slot 1 ===
22:22:42.332 INFO  [JavaFX Application Thread] c.e.d.controller.core.GameController - Is New Game: false
22:22:42.332 INFO  [JavaFX Application Thread] c.e.d.controller.core.GameController - Current Slot: 1
22:22:42.333 INFO  [JavaFX Application Thread] c.e.d.utils.dialogue.DialogueSystem - Loading script from:  /Dialogue/continue.txt
22:22:42.335 INFO  [JavaFX Application Thread] c.e.d.controller.core.SaveController - Loading from slot 1...
22:22:42.338 INFO  [JavaFX Application Thread] c.e.d.controller.core.SaveController - Successfully loaded data from src\main\resources\Saves\slot_1.json
22:22:42.338 INFO  [JavaFX Application Thread] c.e.d.repository.SaveDataRepository - Loaded slot 1 successfully.
22:22:42.338 INFO  [JavaFX Application Thread] c.e.d.controller.core.SaveController - Loaded successfully!
22:22:43.390 INFO  [JavaFX Application Thread] c.e.d.controller.core.GameController - FPS: 129
22:22:43.519 INFO  [JavaFX Application Thread] c.example.demo.view.LoadTransition - Loaded level 2 with 182 bricks
22:22:43.519 INFO  [JavaFX Application Thread] c.e.d.controller.core.GameController - FPS: 129
22:22:44.394 INFO  [JavaFX Application Thread] c.e.d.controller.core.GameController - FPS: 140
22:22:44.521 INFO  [JavaFX Application Thread] c.e.d.controller.core.GameController - FPS: 141
22:22:45.398 INFO  [JavaFX Application Thread] c.e.d.controller.core.GameController - FPS: 144
22:22:45.526 INFO  [JavaFX Application Thread] c.e.d.controller.core.GameController - FPS: 144
22:22:46.411 INFO  [JavaFX Application Thread] c.e.d.controller.core.GameController - FPS: 140
22:22:46.526 INFO  [JavaFX Application Thread] c.e.d.controller.core.GameController - FPS: 138
22:22:47.418 INFO  [JavaFX Application Thread] c.e.d.controller.core.GameController - FPS: 142
22:22:47.528 INFO  [JavaFX Application Thread] c.e.d.controller.core.GameController - FPS: 141
22:22:47.724 INFO  [JavaFX Application Thread] c.e.d.controller.core.GameController - Game resumed
22:22:47.724 INFO  [JavaFX Application Thread] c.e.d.controller.core.GameController - Game resumed
22:22:48.423 INFO  [JavaFX Application Thread] c.e.d.controller.core.GameController - FPS: 143
22:22:48.533 INFO  [JavaFX Application Thread] c.e.d.controller.core.GameController - FPS: 144
22:22:49.429 INFO  [JavaFX Application Thread] c.e.d.controller.core.GameController - FPS: 145
22:22:49.537 INFO  [JavaFX Application Thread] c.e.d.controller.core.GameController - FPS: 144
22:22:50.429 INFO  [JavaFX Application Thread] c.e.d.controller.core.GameController - FPS: 143
22:22:50.540 INFO  [JavaFX Application Thread] c.e.d.controller.core.GameController - FPS: 144
22:22:51.434 INFO  [JavaFX Application Thread] c.e.d.controller.core.GameController - FPS: 145
22:22:51.545 INFO  [JavaFX Application Thread] c.e.d.controller.core.GameController - FPS: 145
22:22:52.468 INFO  [JavaFX Application Thread] c.e.d.controller.core.GameController - FPS: 138
22:22:52.607 INFO  [JavaFX Application Thread] c.e.d.controller.core.GameController - FPS: 134
22:22:53.497 INFO  [JavaFX Application Thread] c.e.d.controller.core.GameController - FPS: 140
22:22:53.611 INFO  [JavaFX Application Thread] c.e.d.controller.core.GameController - FPS: 144
22:22:54.504 INFO  [JavaFX Application Thread] c.e.d.controller.core.GameController - FPS: 145
22:22:54.616 INFO  [JavaFX Application Thread] c.e.d.controller.core.GameController - FPS: 145
22:22:55.512 INFO  [JavaFX Application Thread] c.e.d.controller.core.GameController - FPS: 145
22:22:55.704 INFO  [JavaFX Application Thread] c.e.d.controller.core.GameController - FPS: 140
22:22:56.606 INFO  [JavaFX Application Thread] c.e.d.controller.core.GameController - FPS: 132
22:22:56.710 INFO  [JavaFX Application Thread] c.e.d.controller.core.GameController - FPS: 136
22:22:57.608 INFO  [JavaFX Application Thread] c.e.d.controller.core.GameController - FPS: 144
22:22:57.717 INFO  [JavaFX Application Thread] c.e.d.controller.core.GameController - FPS: 145
22:22:58.616 INFO  [JavaFX Application Thread] c.e.d.controller.core.GameController - FPS: 145
22:23:36.563 INFO  [JavaFX Application Thread] c.e.d.controller.core.SaveController - Successfully loaded data from src/main/resources/Saves/settings.json
22:23:36.592 INFO  [JavaFX Application Thread] c.e.d.controller.core.SaveController - Successfully loaded data from src\main\resources\Saves\slot_1.json
22:23:36.592 INFO  [JavaFX Application Thread] c.e.d.repository.SaveDataRepository - Loaded slot 1 successfully.
22:23:37.955 INFO  [JavaFX Application Thread] c.e.d.controller.core.SaveController - Successfully loaded data from src\main\resources\Saves\slot_1.json
22:23:37.956 INFO  [JavaFX Application Thread] c.e.d.repository.SaveDataRepository - Loaded slot 1 successfully.
22:23:38.530 INFO  [JavaFX Application Thread] c.e.d.c.view.SlotSelectionController - Loading game from slot 1
22:23:38.533 INFO  [JavaFX Application Thread] c.e.d.controller.core.SaveController - Successfully loaded data from src\main\resources\Saves\slot_1.json
22:23:38.533 INFO  [JavaFX Application Thread] c.e.d.repository.SaveDataRepository - Loaded slot 1 successfully.
22:23:38.533 INFO  [JavaFX Application Thread] com.example.demo.Main - === LOADING GAME from slot 1 ===
22:23:38.700 INFO  [JavaFX Application Thread] c.e.d.controller.core.GameController - Is New Game: false
22:23:38.700 INFO  [JavaFX Application Thread] c.e.d.controller.core.GameController - Current Slot: 1
22:23:38.702 INFO  [JavaFX Application Thread] c.e.d.utils.dialogue.DialogueSystem - Loading script from:  /Dialogue/continue.txt
22:23:38.704 INFO  [JavaFX Application Thread] c.e.d.controller.core.SaveController - Loading from slot 1...
22:23:38.705 INFO  [JavaFX Application Thread] c.e.d.controller.core.SaveController - Successfully loaded data from src\main\resources\Saves\slot_1.json
22:23:38.705 INFO  [JavaFX Application Thread] c.e.d.repository.SaveDataRepository - Loaded slot 1 successfully.
22:23:38.705 INFO  [JavaFX Application Thread] c.e.d.controller.core.SaveController - Loaded successfully!
22:23:39.884 INFO  [JavaFX Application Thread] c.example.demo.view.LoadTransition - Loaded level 2 with 182 bricks
22:23:39.885 INFO  [JavaFX Application Thread] c.e.d.controller.core.GameController - FPS: 120
22:23:40.890 INFO  [JavaFX Application Thread] c.e.d.controller.core.GameController - FPS: 142
22:23:41.896 INFO  [JavaFX Application Thread] c.e.d.controller.core.GameController - FPS: 140
22:23:42.603 INFO  [JavaFX Application Thread] c.e.d.controller.core.GameController - Game resumed
22:23:42.603 INFO  [JavaFX Application Thread] c.e.d.controller.core.GameController - Game resumed
22:23:42.901 INFO  [JavaFX Application Thread] c.e.d.controller.core.GameController - FPS: 137
22:23:43.942 INFO  [JavaFX Application Thread] c.e.d.controller.core.GameController - FPS: 139
22:23:44.963 INFO  [JavaFX Application Thread] c.e.d.controller.core.GameController - FPS: 138
22:23:45.963 INFO  [JavaFX Application Thread] c.e.d.controller.core.GameController - FPS: 144
22:24:26.899 INFO  [JavaFX Application Thread] c.e.d.controller.core.SaveController - Successfully loaded data from src/main/resources/Saves/settings.json
22:24:26.934 INFO  [JavaFX Application Thread] c.e.d.controller.core.SaveController - Successfully loaded data from src\main\resources\Saves\slot_1.json
22:24:26.934 INFO  [JavaFX Application Thread] c.e.d.repository.SaveDataRepository - Loaded slot 1 successfully.
22:24:36.260 INFO  [JavaFX Application Thread] c.e.d.controller.core.SaveController - Successfully loaded data from src\main\resources\Saves\slot_1.json
22:24:36.260 INFO  [JavaFX Application Thread] c.e.d.repository.SaveDataRepository - Loaded slot 1 successfully.
22:24:39.574 INFO  [JavaFX Application Thread] c.e.d.c.view.SlotSelectionController - Back to menu
22:24:42.074 INFO  [JavaFX Application Thread] c.e.d.controller.core.SaveController - Successfully loaded data from src\main\resources\Saves\slot_1.json
22:24:42.074 INFO  [JavaFX Application Thread] c.e.d.repository.SaveDataRepository - Loaded slot 1 successfully.
22:25:28.647 INFO  [JavaFX Application Thread] c.e.d.c.view.SlotSelectionController - Starting new game in slot 2
22:25:28.796 INFO  [JavaFX Application Thread] c.e.d.controller.core.GameController - Is New Game: true
22:25:28.796 INFO  [JavaFX Application Thread] c.e.d.controller.core.GameController - Current Slot: 2
22:25:28.801 INFO  [JavaFX Application Thread] c.e.d.utils.dialogue.DialogueSystem - Loading script from:  /Dialogue/intro.txt
22:25:29.981 INFO  [JavaFX Application Thread] c.example.demo.view.LoadTransition - Loaded level 2 with 182 bricks
22:25:29.982 INFO  [JavaFX Application Thread] c.e.d.controller.core.GameController - FPS: 106
22:25:30.980 INFO  [JavaFX Application Thread] c.e.d.controller.core.GameController - FPS: 129
22:25:31.984 INFO  [JavaFX Application Thread] c.e.d.controller.core.GameController - FPS: 134
22:25:32.984 INFO  [JavaFX Application Thread] c.e.d.controller.core.GameController - FPS: 137
22:25:33.993 INFO  [JavaFX Application Thread] c.e.d.controller.core.GameController - FPS: 134
22:25:34.996 INFO  [JavaFX Application Thread] c.e.d.controller.core.GameController - FPS: 136
22:25:35.043 INFO  [JavaFX Application Thread] c.e.d.controller.core.GameController - Game resumed
22:25:35.044 INFO  [JavaFX Application Thread] c.e.d.controller.core.GameController - Game resumed
22:25:36.003 INFO  [JavaFX Application Thread] c.e.d.controller.core.GameController - FPS: 143
22:25:36.709 INFO  [JavaFX Application Thread] c.e.d.controller.core.SaveController - Saving game to slot 2...
22:25:36.721 INFO  [JavaFX Application Thread] c.e.d.controller.core.SaveController - Successfully saved data to src\main\resources\Saves\slot_2.json
22:25:36.721 INFO  [JavaFX Application Thread] c.e.d.repository.SaveDataRepository - Saved slot 2
22:25:36.721 INFO  [JavaFX Application Thread] c.e.d.controller.core.SaveController - Save complete.
22:25:37.033 INFO  [JavaFX Application Thread] c.e.d.controller.core.GameController - FPS: 132
22:25:37.172 INFO  [JavaFX Application Thread] c.e.d.controller.core.SaveController - Successfully loaded data from src\main\resources\Saves\slot_1.json
22:25:37.172 INFO  [JavaFX Application Thread] c.e.d.repository.SaveDataRepository - Loaded slot 1 successfully.
22:25:37.174 INFO  [JavaFX Application Thread] c.e.d.controller.core.SaveController - Successfully loaded data from src\main\resources\Saves\slot_2.json
22:25:37.174 INFO  [JavaFX Application Thread] c.e.d.repository.SaveDataRepository - Loaded slot 2 successfully.
22:25:38.038 INFO  [JavaFX Application Thread] c.e.d.controller.core.GameController - FPS: 86
22:25:39.039 INFO  [JavaFX Application Thread] c.e.d.controller.core.GameController - FPS: 144
22:25:40.040 INFO  [JavaFX Application Thread] c.e.d.controller.core.GameController - FPS: 145
22:25:40.445 INFO  [JavaFX Application Thread] c.e.d.c.view.SlotSelectionController - Loading game from slot 2
22:25:40.446 INFO  [JavaFX Application Thread] c.e.d.controller.core.SaveController - Successfully loaded data from src\main\resources\Saves\slot_2.json
22:25:40.446 INFO  [JavaFX Application Thread] c.e.d.repository.SaveDataRepository - Loaded slot 2 successfully.
22:25:40.447 INFO  [JavaFX Application Thread] com.example.demo.Main - === LOADING GAME from slot 2 ===
22:25:40.547 INFO  [JavaFX Application Thread] c.e.d.controller.core.GameController - Is New Game: false
22:25:40.547 INFO  [JavaFX Application Thread] c.e.d.controller.core.GameController - Current Slot: 2
22:25:40.547 INFO  [JavaFX Application Thread] c.e.d.utils.dialogue.DialogueSystem - Loading script from:  /Dialogue/continue.txt
22:25:40.548 INFO  [JavaFX Application Thread] c.e.d.controller.core.SaveController - Loading from slot 2...
22:25:40.549 INFO  [JavaFX Application Thread] c.e.d.controller.core.SaveController - Successfully loaded data from src\main\resources\Saves\slot_2.json
22:25:40.549 INFO  [JavaFX Application Thread] c.e.d.repository.SaveDataRepository - Loaded slot 2 successfully.
22:25:40.549 INFO  [JavaFX Application Thread] c.e.d.controller.core.SaveController - Loaded successfully!
22:25:41.273 INFO  [JavaFX Application Thread] c.e.d.controller.core.GameController - FPS: 126
22:25:41.696 INFO  [JavaFX Application Thread] c.example.demo.view.LoadTransition - Loaded level 2 with 182 bricks
22:25:41.696 INFO  [JavaFX Application Thread] c.e.d.controller.core.GameController - FPS: 129
22:25:42.279 INFO  [JavaFX Application Thread] c.e.d.controller.core.GameController - FPS: 135
22:25:42.697 INFO  [JavaFX Application Thread] c.e.d.controller.core.GameController - FPS: 135
22:25:43.285 INFO  [JavaFX Application Thread] c.e.d.controller.core.GameController - FPS: 140
22:25:43.703 INFO  [JavaFX Application Thread] c.e.d.controller.core.GameController - FPS: 137
22:25:44.293 INFO  [JavaFX Application Thread] c.e.d.controller.core.GameController - FPS: 138
22:25:44.709 INFO  [JavaFX Application Thread] c.e.d.controller.core.GameController - FPS: 140
22:25:45.300 INFO  [JavaFX Application Thread] c.e.d.controller.core.GameController - FPS: 139
22:25:45.720 INFO  [JavaFX Application Thread] c.e.d.controller.core.GameController - FPS: 134
22:25:46.306 INFO  [JavaFX Application Thread] c.e.d.controller.core.GameController - FPS: 130
22:25:46.728 INFO  [JavaFX Application Thread] c.e.d.controller.core.GameController - FPS: 134
22:25:47.313 INFO  [JavaFX Application Thread] c.e.d.controller.core.GameController - FPS: 141
22:25:47.732 INFO  [JavaFX Application Thread] c.e.d.controller.core.GameController - FPS: 144
22:25:48.322 INFO  [JavaFX Application Thread] c.e.d.controller.core.GameController - FPS: 145
22:25:48.739 INFO  [JavaFX Application Thread] c.e.d.controller.core.GameController - FPS: 145
22:25:49.329 INFO  [JavaFX Application Thread] c.e.d.controller.core.GameController - FPS: 145
22:25:49.744 INFO  [JavaFX Application Thread] c.e.d.controller.core.GameController - FPS: 145
22:25:50.342 INFO  [JavaFX Application Thread] c.e.d.controller.core.GameController - FPS: 146
22:25:50.752 INFO  [JavaFX Application Thread] c.e.d.controller.core.GameController - FPS: 145
22:35:27.419 INFO  [JavaFX Application Thread] c.e.d.controller.core.SaveController - Successfully loaded data from src/main/resources/Saves/settings.json
22:35:27.446 INFO  [JavaFX Application Thread] c.e.d.controller.core.SaveController - Successfully loaded data from src\main\resources\Saves\slot_1.json
22:35:27.446 INFO  [JavaFX Application Thread] c.e.d.repository.SaveDataRepository - Loaded slot 1 successfully.
22:35:27.451 INFO  [JavaFX Application Thread] c.e.d.controller.core.SaveController - Successfully loaded data from src\main\resources\Saves\slot_2.json
22:35:27.452 INFO  [JavaFX Application Thread] c.e.d.repository.SaveDataRepository - Loaded slot 2 successfully.
22:35:53.083 INFO  [JavaFX Application Thread] c.e.d.controller.core.SaveController - Successfully loaded data from src/main/resources/Saves/settings.json
22:35:53.112 INFO  [JavaFX Application Thread] c.e.d.controller.core.SaveController - Successfully loaded data from src\main\resources\Saves\slot_1.json
22:35:53.112 INFO  [JavaFX Application Thread] c.e.d.repository.SaveDataRepository - Loaded slot 1 successfully.
22:35:53.116 INFO  [JavaFX Application Thread] c.e.d.controller.core.SaveController - Successfully loaded data from src\main\resources\Saves\slot_2.json
22:35:53.116 INFO  [JavaFX Application Thread] c.e.d.repository.SaveDataRepository - Loaded slot 2 successfully.
22:37:34.751 INFO  [JavaFX Application Thread] c.e.d.controller.core.SaveController - Successfully loaded data from src/main/resources/Saves/settings.json
22:37:34.780 INFO  [JavaFX Application Thread] c.e.d.controller.core.SaveController - Successfully loaded data from src\main\resources\Saves\slot_1.json
22:37:34.781 INFO  [JavaFX Application Thread] c.e.d.repository.SaveDataRepository - Loaded slot 1 successfully.
22:37:34.786 INFO  [JavaFX Application Thread] c.e.d.controller.core.SaveController - Successfully loaded data from src\main\resources\Saves\slot_2.json
22:37:34.786 INFO  [JavaFX Application Thread] c.e.d.repository.SaveDataRepository - Loaded slot 2 successfully.
22:38:02.063 INFO  [JavaFX Application Thread] c.e.d.controller.core.SaveController - Successfully loaded data from src/main/resources/Saves/settings.json
22:38:02.089 INFO  [JavaFX Application Thread] c.e.d.controller.core.SaveController - Successfully loaded data from src\main\resources\Saves\slot_1.json
22:38:02.090 INFO  [JavaFX Application Thread] c.e.d.repository.SaveDataRepository - Loaded slot 1 successfully.
22:38:02.098 INFO  [JavaFX Application Thread] c.e.d.controller.core.SaveController - Successfully loaded data from src\main\resources\Saves\slot_2.json
22:38:02.099 INFO  [JavaFX Application Thread] c.e.d.repository.SaveDataRepository - Loaded slot 2 successfully.
22:41:31.958 INFO  [JavaFX Application Thread] c.e.d.controller.core.SaveController - Successfully loaded data from src/main/resources/Saves/settings.json
22:41:31.983 INFO  [JavaFX Application Thread] c.e.d.controller.core.SaveController - Successfully loaded data from src\main\resources\Saves\slot_1.json
22:41:31.983 INFO  [JavaFX Application Thread] c.e.d.repository.SaveDataRepository - Loaded slot 1 successfully.
22:41:31.991 INFO  [JavaFX Application Thread] c.e.d.controller.core.SaveController - Successfully loaded data from src\main\resources\Saves\slot_2.json
22:41:31.991 INFO  [JavaFX Application Thread] c.e.d.repository.SaveDataRepository - Loaded slot 2 successfully.
22:41:36.236 INFO  [JavaFX Application Thread] c.e.d.controller.core.SaveController - Successfully loaded data from src\main\resources\Saves\slot_1.json
22:41:36.236 INFO  [JavaFX Application Thread] c.e.d.repository.SaveDataRepository - Loaded slot 1 successfully.
22:41:36.237 INFO  [JavaFX Application Thread] c.e.d.controller.core.SaveController - Successfully loaded data from src\main\resources\Saves\slot_2.json
22:41:36.238 INFO  [JavaFX Application Thread] c.e.d.repository.SaveDataRepository - Loaded slot 2 successfully.
22:41:38.661 INFO  [JavaFX Application Thread] c.e.d.c.view.SlotSelectionController - Back to menu
